2023-11-19 20:46:56,924 INFO werkzeug MainThread : [31m[1mWARNING: This is a development server. Do not use it in a production deployment. Use a production WSGI server instead.[0m
 * Running on http://127.0.0.1:5000
2023-11-19 20:46:56,924 INFO werkzeug MainThread : [33mPress CTRL+C to quit[0m
2023-11-19 20:46:59,655 INFO venv Thread-1 (process_request_thread) : request called for /get_org_admin_stats endpoint
2023-11-19 20:46:59,655 INFO venv Thread-1 (process_request_thread) : data received for org admin stats controller with data : {'organization_id': 'a77f5d7b-c50d-418d-8c66-3814049ca386'}
2023-11-19 20:46:59,658 INFO venv Thread-1 (process_request_thread) : classroom cnt : 10 for organization with org_id : a77f5d7b-c50d-418d-8c66-3814049ca386
2023-11-19 20:46:59,661 INFO venv Thread-1 (process_request_thread) : teacher cnt : 18 for organization with org_id : a77f5d7b-c50d-418d-8c66-3814049ca386
2023-11-19 20:46:59,663 INFO venv Thread-1 (process_request_thread) : student cnt : 17 for organization with org_id : a77f5d7b-c50d-418d-8c66-3814049ca386
2023-11-19 20:46:59,665 INFO venv Thread-1 (process_request_thread) : classroom ids : [('2d6598d6-7b5f-404f-b60f-4f9dbdbdef49',), ('2fb3717f-4609-4539-bcea-97b23889c796',), ('3b31454e-b6cd-4fe8-a89f-e1af7699ecff',), ('51c8c85c-4c99-4799-b0c5-6602e778b268',), ('66c641aa-0234-4dbb-8ce3-4b63f4910ac0',), ('8388a37f-5954-459d-808c-abc178d5a202',), ('8ada8087-68a8-4279-81cb-43d608d7b426',), ('aa2d5491-f3c9-43c1-a35c-8a9f16fd5982',), ('b7d7dc51-9ac5-40ee-bd19-ec71994687a5',), ('c395c833-b02a-4104-a7ef-59b503d87e95',)]
2023-11-19 20:46:59,670 INFO venv Thread-1 (process_request_thread) : class_id : 2d6598d6-7b5f-404f-b60f-4f9dbdbdef49, quizzes cnt : 4
2023-11-19 20:46:59,674 INFO venv Thread-1 (process_request_thread) : quiz_id : 64dbc0840f386c421746d45f, attempt cnt : 1
2023-11-19 20:46:59,677 INFO venv Thread-1 (process_request_thread) : quiz_id : 64dbc0a10f386c421746d460, attempt cnt : 0
2023-11-19 20:46:59,679 INFO venv Thread-1 (process_request_thread) : quiz_id : 64dbc1110f386c421746d461, attempt cnt : 0
2023-11-19 20:46:59,680 INFO venv Thread-1 (process_request_thread) : quiz_id : 6542012666f47d1f30c382b9, attempt cnt : 0
2023-11-19 20:46:59,681 INFO venv Thread-1 (process_request_thread) : class_id : 2fb3717f-4609-4539-bcea-97b23889c796, quizzes cnt : 2
2023-11-19 20:46:59,682 INFO venv Thread-1 (process_request_thread) : quiz_id : 653fd14d73f9fe6766d1694b, attempt cnt : 1
2023-11-19 20:46:59,684 INFO venv Thread-1 (process_request_thread) : quiz_id : 653fd1af73f9fe6766d1694c, attempt cnt : 0
2023-11-19 20:46:59,687 INFO venv Thread-1 (process_request_thread) : class_id : 3b31454e-b6cd-4fe8-a89f-e1af7699ecff, quizzes cnt : 0
2023-11-19 20:46:59,689 INFO venv Thread-1 (process_request_thread) : class_id : 51c8c85c-4c99-4799-b0c5-6602e778b268, quizzes cnt : 0
2023-11-19 20:46:59,690 INFO venv Thread-1 (process_request_thread) : class_id : 66c641aa-0234-4dbb-8ce3-4b63f4910ac0, quizzes cnt : 0
2023-11-19 20:46:59,692 INFO venv Thread-1 (process_request_thread) : class_id : 8388a37f-5954-459d-808c-abc178d5a202, quizzes cnt : 0
2023-11-19 20:46:59,694 INFO venv Thread-1 (process_request_thread) : class_id : 8ada8087-68a8-4279-81cb-43d608d7b426, quizzes cnt : 0
2023-11-19 20:46:59,695 INFO venv Thread-1 (process_request_thread) : class_id : aa2d5491-f3c9-43c1-a35c-8a9f16fd5982, quizzes cnt : 0
2023-11-19 20:46:59,697 INFO venv Thread-1 (process_request_thread) : class_id : b7d7dc51-9ac5-40ee-bd19-ec71994687a5, quizzes cnt : 4
2023-11-19 20:46:59,698 INFO venv Thread-1 (process_request_thread) : quiz_id : 64dbb8266134bd1df333e8f8, attempt cnt : 0
2023-11-19 20:46:59,699 INFO venv Thread-1 (process_request_thread) : quiz_id : 64dbbe450f386c421746d45d, attempt cnt : 0
2023-11-19 20:46:59,700 INFO venv Thread-1 (process_request_thread) : quiz_id : 64dbbe610f386c421746d45e, attempt cnt : 0
2023-11-19 20:46:59,702 INFO venv Thread-1 (process_request_thread) : quiz_id : 64dfa96d8d851c3816d56aee, attempt cnt : 0
2023-11-19 20:46:59,704 INFO venv Thread-1 (process_request_thread) : class_id : c395c833-b02a-4104-a7ef-59b503d87e95, quizzes cnt : 2
2023-11-19 20:46:59,706 INFO venv Thread-1 (process_request_thread) : quiz_id : 64dfaf3a8d851c3816d56aef, attempt cnt : 0
2023-11-19 20:46:59,707 INFO venv Thread-1 (process_request_thread) : quiz_id : 6526d220ba7ddf02cc2a0243, attempt cnt : 0
2023-11-19 20:46:59,713 INFO venv Thread-1 (process_request_thread) : student data : [('3e2665c0-8987-4bbb-98a9-bc4aa8645290', datetime.datetime(2023, 10, 29, 1, 5, 44, 84410), datetime.datetime(2023, 10, 29, 1, 5, 44, 84410), '2d6598d6-7b5f-404f-b60f-4f9dbdbdef49', '52fb5ec3-a046-4521-b97f-0f62336a2a5a'), ('650c7c0b-5b68-4d11-8bfe-286fed3a9809', datetime.datetime(2023, 7, 26, 23, 6, 7, 654623), datetime.datetime(2023, 7, 26, 23, 6, 7, 654623), '2d6598d6-7b5f-404f-b60f-4f9dbdbdef49', '927eecaa-24fa-4219-bdd7-ec669dfcd13d'), ('6a35e4ad-3d96-42aa-8617-2ce9ccf5cf61', datetime.datetime(2023, 7, 23, 12, 57, 7, 875134), datetime.datetime(2023, 7, 23, 12, 57, 7, 875134), '2d6598d6-7b5f-404f-b60f-4f9dbdbdef49', 'f88439ea-a61c-427f-884e-d800e0ca3eeb'), ('81ec8531-7e99-431a-8f46-16bdac521101', datetime.datetime(2023, 10, 29, 1, 5, 44, 67395), datetime.datetime(2023, 10, 29, 1, 5, 44, 67395), '2d6598d6-7b5f-404f-b60f-4f9dbdbdef49', '3fc29843-683b-40aa-b012-8904b9d28639'), ('847c3415-2d98-4d35-bcc5-c62592d61719', datetime.datetime(2023, 10, 29, 1, 5, 44, 80398), datetime.datetime(2023, 10, 29, 1, 5, 44, 80398), '2d6598d6-7b5f-404f-b60f-4f9dbdbdef49', '57ce3f10-ea61-4d76-8579-99db67dd7291'), ('8c4ed2d9-4701-4f2a-98cd-aaec1d0d0fe1', datetime.datetime(2023, 10, 29, 1, 5, 44, 67395), datetime.datetime(2023, 10, 29, 1, 5, 44, 67395), '2d6598d6-7b5f-404f-b60f-4f9dbdbdef49', '45b9e07f-cf72-48e8-93b0-ebdec059e5d9'), ('bc83f6b5-16c2-469f-bbe3-d7e83dca3d56', datetime.datetime(2023, 7, 23, 12, 56, 56, 529214), datetime.datetime(2023, 7, 23, 12, 56, 56, 529214), '2d6598d6-7b5f-404f-b60f-4f9dbdbdef49', '773d24a2-be01-4398-a811-f490f915a93b'), ('eef74221-265a-4dd4-91b0-6c7c5b1d799a', datetime.datetime(2023, 10, 12, 22, 5, 46, 167078), datetime.datetime(2023, 10, 12, 22, 5, 46, 167078), '2d6598d6-7b5f-404f-b60f-4f9dbdbdef49', 'a593ee93-d357-4d16-8fff-f09c4214e5c1')]
2023-11-19 20:46:59,722 INFO venv Thread-1 (process_request_thread) : teacher data : [('0f80f30b-a3d7-4466-8f99-ab8e3c860956', datetime.datetime(2023, 10, 29, 13, 37, 17, 648179), datetime.datetime(2023, 10, 29, 13, 37, 17, 648179), '2d6598d6-7b5f-404f-b60f-4f9dbdbdef49', '08545b03-f586-4d89-8d7d-a78f0a8ed38b'), ('3c1fcc31-6c69-45ea-b2c1-629e9c312eae', datetime.datetime(2023, 10, 29, 0, 29, 21, 234724), datetime.datetime(2023, 10, 29, 0, 29, 21, 234724), '2d6598d6-7b5f-404f-b60f-4f9dbdbdef49', '890f726b-2899-4b33-b67e-692c70847330'), ('6c8e6d3f-7dea-4646-b034-e16a9ec96c30', datetime.datetime(2023, 7, 23, 13, 44, 48, 923733), datetime.datetime(2023, 7, 23, 13, 44, 48, 923733), '2d6598d6-7b5f-404f-b60f-4f9dbdbdef49', '49b12d6c-d5bb-4ca0-b0a3-bd1c6cdf33ce'), ('6d805a70-9ff1-4715-a42a-61f5e592d649', datetime.datetime(2023, 10, 29, 0, 46, 35, 615015), datetime.datetime(2023, 10, 29, 0, 46, 35, 615015), '2d6598d6-7b5f-404f-b60f-4f9dbdbdef49', '3bf9dc03-c475-4c88-8eea-aeab37c63744'), ('994fdf84-1193-46bc-8296-fd02b9c49c3d', datetime.datetime(2023, 10, 29, 0, 26, 7, 771421), datetime.datetime(2023, 10, 29, 0, 26, 7, 771421), '2d6598d6-7b5f-404f-b60f-4f9dbdbdef49', '15633393-b2d7-463a-b0e8-3cf7bd8529f8'), ('9c1d4446-81bc-44bf-9484-dd85a6fe7205', datetime.datetime(2023, 10, 29, 0, 26, 7, 776369), datetime.datetime(2023, 10, 29, 0, 26, 7, 776369), '2d6598d6-7b5f-404f-b60f-4f9dbdbdef49', 'b982b7cd-21ca-495e-ab7d-2d7c1d6f5043'), ('b620f3e9-3481-4245-9e45-8c5240d66964', datetime.datetime(2023, 10, 29, 0, 25, 31, 217308), datetime.datetime(2023, 10, 29, 0, 25, 31, 217308), '2d6598d6-7b5f-404f-b60f-4f9dbdbdef49', '1ae2c597-7fdd-48a7-8c0f-519a345bfc25'), ('d268300d-c9d3-4bed-844b-92bafff73f1a', datetime.datetime(2023, 10, 29, 13, 37, 1, 558343), datetime.datetime(2023, 10, 29, 13, 37, 1, 558343), '2d6598d6-7b5f-404f-b60f-4f9dbdbdef49', 'db44ce43-c44d-4ac4-b510-53419db361f8'), ('fd4f4a22-ed3d-44a0-b02e-6c223b1947cd', datetime.datetime(2023, 10, 29, 0, 30, 49, 306023), datetime.datetime(2023, 10, 29, 0, 30, 49, 306023), '2d6598d6-7b5f-404f-b60f-4f9dbdbdef49', 'de48b7bd-4c46-4fb2-b726-09b0e5da7de3')]
2023-11-19 20:46:59,729 INFO venv Thread-1 (process_request_thread) : student data : [('33e526f4-a294-450b-9343-232f89e060ee', datetime.datetime(2023, 7, 23, 13, 14, 46, 766745), datetime.datetime(2023, 7, 23, 13, 14, 46, 766745), '2fb3717f-4609-4539-bcea-97b23889c796', '66d6ceec-12a3-4584-b372-0819ddd99729'), ('40bb1ead-d58a-45a7-9c0d-499758b3d34d', datetime.datetime(2023, 7, 23, 13, 14, 46, 770932), datetime.datetime(2023, 7, 23, 13, 14, 46, 770932), '2fb3717f-4609-4539-bcea-97b23889c796', '927eecaa-24fa-4219-bdd7-ec669dfcd13d'), ('4cebb0d6-ac0f-4417-affe-6098b21c6978', datetime.datetime(2023, 7, 23, 13, 14, 46, 766745), datetime.datetime(2023, 7, 23, 13, 14, 46, 766745), '2fb3717f-4609-4539-bcea-97b23889c796', '773d24a2-be01-4398-a811-f490f915a93b'), ('5a8fb732-6c37-4c71-be7e-de819bef675c', datetime.datetime(2023, 7, 23, 13, 14, 46, 766745), datetime.datetime(2023, 7, 23, 13, 14, 46, 766745), '2fb3717f-4609-4539-bcea-97b23889c796', '985657d4-0ffc-4bc0-81d2-4f05b5fc7f4a'), ('ec3c03d0-00bd-4db9-965c-92b6b52e0312', datetime.datetime(2023, 7, 23, 13, 14, 46, 766745), datetime.datetime(2023, 7, 23, 13, 14, 46, 766745), '2fb3717f-4609-4539-bcea-97b23889c796', '74afc075-1a9b-473f-95a8-d4b7a2b00210')]
2023-11-19 20:46:59,732 INFO venv Thread-1 (process_request_thread) : teacher data : [('7db32edd-dada-4f29-a916-ff0a36cecb45', datetime.datetime(2023, 7, 23, 13, 14, 21, 829873), datetime.datetime(2023, 7, 23, 13, 14, 21, 829873), '2fb3717f-4609-4539-bcea-97b23889c796', '08545b03-f586-4d89-8d7d-a78f0a8ed38b')]
2023-11-19 20:46:59,735 INFO venv Thread-1 (process_request_thread) : student data : []
2023-11-19 20:46:59,740 INFO venv Thread-1 (process_request_thread) : teacher data : []
2023-11-19 20:46:59,745 INFO venv Thread-1 (process_request_thread) : student data : []
2023-11-19 20:46:59,746 INFO venv Thread-1 (process_request_thread) : teacher data : []
2023-11-19 20:46:59,748 INFO venv Thread-1 (process_request_thread) : student data : []
2023-11-19 20:46:59,751 INFO venv Thread-1 (process_request_thread) : teacher data : []
2023-11-19 20:46:59,755 INFO venv Thread-1 (process_request_thread) : student data : []
2023-11-19 20:46:59,758 INFO venv Thread-1 (process_request_thread) : teacher data : [('75fac44a-66b5-44e1-9057-fa480f00d214', datetime.datetime(2023, 7, 19, 0, 41, 28, 256462), datetime.datetime(2023, 7, 19, 0, 41, 28, 256462), '8388a37f-5954-459d-808c-abc178d5a202', '08545b03-f586-4d89-8d7d-a78f0a8ed38b')]
2023-11-19 20:46:59,761 INFO venv Thread-1 (process_request_thread) : student data : []
2023-11-19 20:46:59,764 INFO venv Thread-1 (process_request_thread) : teacher data : []
2023-11-19 20:46:59,765 INFO venv Thread-1 (process_request_thread) : student data : []
2023-11-19 20:46:59,767 INFO venv Thread-1 (process_request_thread) : teacher data : [('0eeb3233-903f-4f05-bea5-b6a6248aee51', datetime.datetime(2023, 7, 19, 0, 45, 49, 13017), datetime.datetime(2023, 7, 19, 0, 45, 49, 13017), 'aa2d5491-f3c9-43c1-a35c-8a9f16fd5982', '08545b03-f586-4d89-8d7d-a78f0a8ed38b')]
2023-11-19 20:46:59,772 INFO venv Thread-1 (process_request_thread) : student data : []
2023-11-19 20:46:59,777 INFO venv Thread-1 (process_request_thread) : teacher data : [('524f2519-be38-49eb-a3d4-f581055c6f7d', datetime.datetime(2023, 8, 15, 23, 12, 6, 863411), datetime.datetime(2023, 8, 15, 23, 12, 6, 863411), 'b7d7dc51-9ac5-40ee-bd19-ec71994687a5', '15633393-b2d7-463a-b0e8-3cf7bd8529f8'), ('54a95c69-6351-4c7e-8cab-3cb215933d02', datetime.datetime(2023, 8, 15, 23, 12, 6, 863411), datetime.datetime(2023, 8, 15, 23, 12, 6, 863411), 'b7d7dc51-9ac5-40ee-bd19-ec71994687a5', '14b8f7f5-5e99-438e-aecb-e946163feeef'), ('a27079b8-da2f-4103-874b-379f6d44d4c2', datetime.datetime(2023, 8, 15, 23, 12, 6, 863411), datetime.datetime(2023, 8, 15, 23, 12, 6, 863411), 'b7d7dc51-9ac5-40ee-bd19-ec71994687a5', '08545b03-f586-4d89-8d7d-a78f0a8ed38b')]
2023-11-19 20:46:59,779 INFO venv Thread-1 (process_request_thread) : student data : []
2023-11-19 20:46:59,781 INFO venv Thread-1 (process_request_thread) : teacher data : [('ba21c382-1206-4179-afdb-249ca3135ae2', datetime.datetime(2023, 7, 19, 0, 54, 40, 932702), datetime.datetime(2023, 7, 19, 0, 54, 40, 932702), 'c395c833-b02a-4104-a7ef-59b503d87e95', '08545b03-f586-4d89-8d7d-a78f0a8ed38b')]
2023-11-19 20:46:59,782 INFO werkzeug Thread-1 (process_request_thread) : 127.0.0.1 - - [19/Nov/2023 20:46:59] "POST /get_org_admin_stats HTTP/1.1" 200 -
2023-11-19 20:52:43,621 INFO werkzeug MainThread : [31m[1mWARNING: This is a development server. Do not use it in a production deployment. Use a production WSGI server instead.[0m
 * Running on http://127.0.0.1:5000
2023-11-19 20:52:43,621 INFO werkzeug MainThread : [33mPress CTRL+C to quit[0m
2023-11-19 20:52:51,265 INFO venv Thread-1 (process_request_thread) : request called for /get_org_admin_stats endpoint
2023-11-19 20:52:51,265 INFO venv Thread-1 (process_request_thread) : data received for org admin stats controller with data : {'organization_id': 'a77f5d7b-c50d-418d-8c66-3814049ca386'}
2023-11-19 20:52:51,270 INFO venv Thread-1 (process_request_thread) : classroom cnt : 10 for organization with org_id : a77f5d7b-c50d-418d-8c66-3814049ca386
2023-11-19 20:52:51,273 INFO venv Thread-1 (process_request_thread) : teacher cnt : 18 for organization with org_id : a77f5d7b-c50d-418d-8c66-3814049ca386
2023-11-19 20:52:51,275 INFO venv Thread-1 (process_request_thread) : student cnt : 17 for organization with org_id : a77f5d7b-c50d-418d-8c66-3814049ca386
2023-11-19 20:52:51,277 INFO venv Thread-1 (process_request_thread) : classroom ids : [('2d6598d6-7b5f-404f-b60f-4f9dbdbdef49',), ('2fb3717f-4609-4539-bcea-97b23889c796',), ('3b31454e-b6cd-4fe8-a89f-e1af7699ecff',), ('51c8c85c-4c99-4799-b0c5-6602e778b268',), ('66c641aa-0234-4dbb-8ce3-4b63f4910ac0',), ('8388a37f-5954-459d-808c-abc178d5a202',), ('8ada8087-68a8-4279-81cb-43d608d7b426',), ('aa2d5491-f3c9-43c1-a35c-8a9f16fd5982',), ('b7d7dc51-9ac5-40ee-bd19-ec71994687a5',), ('c395c833-b02a-4104-a7ef-59b503d87e95',)]
2023-11-19 20:52:51,304 INFO venv Thread-1 (process_request_thread) : class_id : 2d6598d6-7b5f-404f-b60f-4f9dbdbdef49, quizzes cnt : 4
2023-11-19 20:52:51,307 INFO venv Thread-1 (process_request_thread) : quiz_id : 64dbc0840f386c421746d45f, attempt cnt : 1
2023-11-19 20:52:51,309 INFO venv Thread-1 (process_request_thread) : quiz_id : 64dbc0a10f386c421746d460, attempt cnt : 0
2023-11-19 20:52:51,312 INFO venv Thread-1 (process_request_thread) : quiz_id : 64dbc1110f386c421746d461, attempt cnt : 0
2023-11-19 20:52:51,314 INFO venv Thread-1 (process_request_thread) : quiz_id : 6542012666f47d1f30c382b9, attempt cnt : 0
2023-11-19 20:52:51,317 INFO venv Thread-1 (process_request_thread) : class_id : 2fb3717f-4609-4539-bcea-97b23889c796, quizzes cnt : 2
2023-11-19 20:52:51,321 INFO venv Thread-1 (process_request_thread) : quiz_id : 653fd14d73f9fe6766d1694b, attempt cnt : 1
2023-11-19 20:52:51,323 INFO venv Thread-1 (process_request_thread) : quiz_id : 653fd1af73f9fe6766d1694c, attempt cnt : 0
2023-11-19 20:52:51,325 INFO venv Thread-1 (process_request_thread) : class_id : 3b31454e-b6cd-4fe8-a89f-e1af7699ecff, quizzes cnt : 0
2023-11-19 20:52:51,326 INFO venv Thread-1 (process_request_thread) : class_id : 51c8c85c-4c99-4799-b0c5-6602e778b268, quizzes cnt : 0
2023-11-19 20:52:51,328 INFO venv Thread-1 (process_request_thread) : class_id : 66c641aa-0234-4dbb-8ce3-4b63f4910ac0, quizzes cnt : 0
2023-11-19 20:52:51,330 INFO venv Thread-1 (process_request_thread) : class_id : 8388a37f-5954-459d-808c-abc178d5a202, quizzes cnt : 0
2023-11-19 20:52:51,332 INFO venv Thread-1 (process_request_thread) : class_id : 8ada8087-68a8-4279-81cb-43d608d7b426, quizzes cnt : 0
2023-11-19 20:52:51,333 INFO venv Thread-1 (process_request_thread) : class_id : aa2d5491-f3c9-43c1-a35c-8a9f16fd5982, quizzes cnt : 0
2023-11-19 20:52:51,337 INFO venv Thread-1 (process_request_thread) : class_id : b7d7dc51-9ac5-40ee-bd19-ec71994687a5, quizzes cnt : 4
2023-11-19 20:52:51,339 INFO venv Thread-1 (process_request_thread) : quiz_id : 64dbb8266134bd1df333e8f8, attempt cnt : 0
2023-11-19 20:52:51,341 INFO venv Thread-1 (process_request_thread) : quiz_id : 64dbbe450f386c421746d45d, attempt cnt : 0
2023-11-19 20:52:51,342 INFO venv Thread-1 (process_request_thread) : quiz_id : 64dbbe610f386c421746d45e, attempt cnt : 0
2023-11-19 20:52:51,344 INFO venv Thread-1 (process_request_thread) : quiz_id : 64dfa96d8d851c3816d56aee, attempt cnt : 0
2023-11-19 20:52:51,346 INFO venv Thread-1 (process_request_thread) : class_id : c395c833-b02a-4104-a7ef-59b503d87e95, quizzes cnt : 2
2023-11-19 20:52:51,348 INFO venv Thread-1 (process_request_thread) : quiz_id : 64dfaf3a8d851c3816d56aef, attempt cnt : 0
2023-11-19 20:52:51,350 INFO venv Thread-1 (process_request_thread) : quiz_id : 6526d220ba7ddf02cc2a0243, attempt cnt : 0
2023-11-19 20:52:51,352 ERROR app Thread-1 (process_request_thread) : Exception on /get_org_admin_stats [POST]
Traceback (most recent call last):
  File "D:\Coding\ExamPortal\StatsAPIs\stats\routes.py", line 19, in get_org_admin_stats_route
    return get_org_admin_stats_controller(request)
           ^^^^^^^^^^^^^^^^^^^^^^^^^^^^^^^^^^^^^^^
  File "D:\Coding\ExamPortal\StatsAPIs\stats\controller.py", line 67, in get_org_admin_stats_controller
    class_stat['classroom_name'] = get_classroom_name_with_class_id(class_id[0])
                                   ^^^^^^^^^^^^^^^^^^^^^^^^^^^^^^^^^^^^^^^^^^^^^
  File "D:\Coding\ExamPortal\StatsAPIs\stats\models.py", line 50, in get_classroom_name_with_class_id
    return execute_query(query, args)
           ^^^^^^^^^^^^^^^^^^^^^^^^^^
  File "D:\Coding\ExamPortal\StatsAPIs\utils\db_utils.py", line 17, in execute_query
    cursor.execute(query, args)
  File "D:\Coding\ExamPortal\StatsAPIs\venv\Lib\site-packages\mysql\connector\cursor_cext.py", line 317, in execute
    prepared = self._cnx.prepare_for_mysql(params)
               ^^^^^^^^^^^^^^^^^^^^^^^^^^^^^^^^^^^
  File "D:\Coding\ExamPortal\StatsAPIs\venv\Lib\site-packages\mysql\connector\connection_cext.py", line 822, in prepare_for_mysql
    raise ProgrammingError(
mysql.connector.errors.ProgrammingError: Could not process parameters: str(2d6598d6-7b5f-404f-b60f-4f9dbdbdef49), it must be of type list, tuple or dict

During handling of the above exception, another exception occurred:

Traceback (most recent call last):
  File "D:\Coding\ExamPortal\StatsAPIs\venv\Lib\site-packages\flask\app.py", line 1455, in wsgi_app
    response = self.full_dispatch_request()
               ^^^^^^^^^^^^^^^^^^^^^^^^^^^^
  File "D:\Coding\ExamPortal\StatsAPIs\venv\Lib\site-packages\flask\app.py", line 869, in full_dispatch_request
    rv = self.handle_user_exception(e)
         ^^^^^^^^^^^^^^^^^^^^^^^^^^^^^
  File "D:\Coding\ExamPortal\StatsAPIs\venv\Lib\site-packages\flask_cors\extension.py", line 176, in wrapped_function
    return cors_after_request(app.make_response(f(*args, **kwargs)))
                                                ^^^^^^^^^^^^^^^^^^
  File "D:\Coding\ExamPortal\StatsAPIs\venv\Lib\site-packages\flask\app.py", line 867, in full_dispatch_request
    rv = self.dispatch_request()
         ^^^^^^^^^^^^^^^^^^^^^^^
  File "D:\Coding\ExamPortal\StatsAPIs\venv\Lib\site-packages\flask\app.py", line 852, in dispatch_request
    return self.ensure_sync(self.view_functions[rule.endpoint])(**view_args)
           ^^^^^^^^^^^^^^^^^^^^^^^^^^^^^^^^^^^^^^^^^^^^^^^^^^^^^^^^^^^^^^^^^
  File "D:\Coding\ExamPortal\StatsAPIs\stats\routes.py", line 21, in get_org_admin_stats_route
    return jsonify(e), 409
           ^^^^^^^^^^
  File "D:\Coding\ExamPortal\StatsAPIs\venv\Lib\site-packages\flask\json\__init__.py", line 170, in jsonify
    return current_app.json.response(*args, **kwargs)
           ^^^^^^^^^^^^^^^^^^^^^^^^^^^^^^^^^^^^^^^^^^
  File "D:\Coding\ExamPortal\StatsAPIs\venv\Lib\site-packages\flask\json\provider.py", line 215, in response
    f"{self.dumps(obj, **dump_args)}\n", mimetype=self.mimetype
       ^^^^^^^^^^^^^^^^^^^^^^^^^^^^
  File "D:\Coding\ExamPortal\StatsAPIs\venv\Lib\site-packages\flask\json\provider.py", line 180, in dumps
    return json.dumps(obj, **kwargs)
           ^^^^^^^^^^^^^^^^^^^^^^^^^
  File "C:\Users\HP\AppData\Local\Programs\Python\Python312\Lib\json\__init__.py", line 238, in dumps
    **kw).encode(obj)
          ^^^^^^^^^^^
  File "C:\Users\HP\AppData\Local\Programs\Python\Python312\Lib\json\encoder.py", line 200, in encode
    chunks = self.iterencode(o, _one_shot=True)
             ^^^^^^^^^^^^^^^^^^^^^^^^^^^^^^^^^^
  File "C:\Users\HP\AppData\Local\Programs\Python\Python312\Lib\json\encoder.py", line 258, in iterencode
    return _iterencode(o, 0)
           ^^^^^^^^^^^^^^^^^
  File "D:\Coding\ExamPortal\StatsAPIs\venv\Lib\site-packages\flask\json\provider.py", line 120, in _default
    raise TypeError(f"Object of type {type(o).__name__} is not JSON serializable")
TypeError: Object of type ProgrammingError is not JSON serializable
2023-11-19 20:52:51,361 INFO werkzeug Thread-1 (process_request_thread) : 127.0.0.1 - - [19/Nov/2023 20:52:51] "[35m[1mPOST /get_org_admin_stats HTTP/1.1[0m" 500 -
2023-11-19 20:53:56,236 INFO werkzeug MainThread : [31m[1mWARNING: This is a development server. Do not use it in a production deployment. Use a production WSGI server instead.[0m
 * Running on http://127.0.0.1:5000
2023-11-19 20:53:56,237 INFO werkzeug MainThread : [33mPress CTRL+C to quit[0m
2023-11-19 20:53:58,924 INFO venv Thread-1 (process_request_thread) : request called for /get_org_admin_stats endpoint
2023-11-19 20:53:58,924 INFO venv Thread-1 (process_request_thread) : data received for org admin stats controller with data : {'organization_id': 'a77f5d7b-c50d-418d-8c66-3814049ca386'}
2023-11-19 20:53:58,927 INFO venv Thread-1 (process_request_thread) : classroom cnt : 10 for organization with org_id : a77f5d7b-c50d-418d-8c66-3814049ca386
2023-11-19 20:53:58,930 INFO venv Thread-1 (process_request_thread) : teacher cnt : 18 for organization with org_id : a77f5d7b-c50d-418d-8c66-3814049ca386
2023-11-19 20:53:58,935 INFO venv Thread-1 (process_request_thread) : student cnt : 17 for organization with org_id : a77f5d7b-c50d-418d-8c66-3814049ca386
2023-11-19 20:53:58,937 INFO venv Thread-1 (process_request_thread) : classroom ids : [('2d6598d6-7b5f-404f-b60f-4f9dbdbdef49',), ('2fb3717f-4609-4539-bcea-97b23889c796',), ('3b31454e-b6cd-4fe8-a89f-e1af7699ecff',), ('51c8c85c-4c99-4799-b0c5-6602e778b268',), ('66c641aa-0234-4dbb-8ce3-4b63f4910ac0',), ('8388a37f-5954-459d-808c-abc178d5a202',), ('8ada8087-68a8-4279-81cb-43d608d7b426',), ('aa2d5491-f3c9-43c1-a35c-8a9f16fd5982',), ('b7d7dc51-9ac5-40ee-bd19-ec71994687a5',), ('c395c833-b02a-4104-a7ef-59b503d87e95',)]
2023-11-19 20:53:58,965 INFO venv Thread-1 (process_request_thread) : class_id : 2d6598d6-7b5f-404f-b60f-4f9dbdbdef49, quizzes cnt : 4
2023-11-19 20:53:58,969 INFO venv Thread-1 (process_request_thread) : quiz_id : 64dbc0840f386c421746d45f, attempt cnt : 1
2023-11-19 20:53:58,971 INFO venv Thread-1 (process_request_thread) : quiz_id : 64dbc0a10f386c421746d460, attempt cnt : 0
2023-11-19 20:53:58,973 INFO venv Thread-1 (process_request_thread) : quiz_id : 64dbc1110f386c421746d461, attempt cnt : 0
2023-11-19 20:53:58,976 INFO venv Thread-1 (process_request_thread) : quiz_id : 6542012666f47d1f30c382b9, attempt cnt : 0
2023-11-19 20:53:58,979 INFO venv Thread-1 (process_request_thread) : class_id : 2fb3717f-4609-4539-bcea-97b23889c796, quizzes cnt : 2
2023-11-19 20:53:58,981 INFO venv Thread-1 (process_request_thread) : quiz_id : 653fd14d73f9fe6766d1694b, attempt cnt : 1
2023-11-19 20:53:58,984 INFO venv Thread-1 (process_request_thread) : quiz_id : 653fd1af73f9fe6766d1694c, attempt cnt : 0
2023-11-19 20:53:58,985 INFO venv Thread-1 (process_request_thread) : class_id : 3b31454e-b6cd-4fe8-a89f-e1af7699ecff, quizzes cnt : 0
2023-11-19 20:53:58,987 INFO venv Thread-1 (process_request_thread) : class_id : 51c8c85c-4c99-4799-b0c5-6602e778b268, quizzes cnt : 0
2023-11-19 20:53:58,989 INFO venv Thread-1 (process_request_thread) : class_id : 66c641aa-0234-4dbb-8ce3-4b63f4910ac0, quizzes cnt : 0
2023-11-19 20:53:58,990 INFO venv Thread-1 (process_request_thread) : class_id : 8388a37f-5954-459d-808c-abc178d5a202, quizzes cnt : 0
2023-11-19 20:53:58,991 INFO venv Thread-1 (process_request_thread) : class_id : 8ada8087-68a8-4279-81cb-43d608d7b426, quizzes cnt : 0
2023-11-19 20:53:58,993 INFO venv Thread-1 (process_request_thread) : class_id : aa2d5491-f3c9-43c1-a35c-8a9f16fd5982, quizzes cnt : 0
2023-11-19 20:53:58,995 INFO venv Thread-1 (process_request_thread) : class_id : b7d7dc51-9ac5-40ee-bd19-ec71994687a5, quizzes cnt : 4
2023-11-19 20:53:58,996 INFO venv Thread-1 (process_request_thread) : quiz_id : 64dbb8266134bd1df333e8f8, attempt cnt : 0
2023-11-19 20:53:58,997 INFO venv Thread-1 (process_request_thread) : quiz_id : 64dbbe450f386c421746d45d, attempt cnt : 0
2023-11-19 20:53:59,000 INFO venv Thread-1 (process_request_thread) : quiz_id : 64dbbe610f386c421746d45e, attempt cnt : 0
2023-11-19 20:53:59,004 INFO venv Thread-1 (process_request_thread) : quiz_id : 64dfa96d8d851c3816d56aee, attempt cnt : 0
2023-11-19 20:53:59,005 INFO venv Thread-1 (process_request_thread) : class_id : c395c833-b02a-4104-a7ef-59b503d87e95, quizzes cnt : 2
2023-11-19 20:53:59,007 INFO venv Thread-1 (process_request_thread) : quiz_id : 64dfaf3a8d851c3816d56aef, attempt cnt : 0
2023-11-19 20:53:59,008 INFO venv Thread-1 (process_request_thread) : quiz_id : 6526d220ba7ddf02cc2a0243, attempt cnt : 0
2023-11-19 20:53:59,011 INFO venv Thread-1 (process_request_thread) : class_id : 2d6598d6-7b5f-404f-b60f-4f9dbdbdef49, class_name : [('DS - 2 Design and Analysis of Algorithms',)]
2023-11-19 20:53:59,017 INFO venv Thread-1 (process_request_thread) : student data : [('3e2665c0-8987-4bbb-98a9-bc4aa8645290', datetime.datetime(2023, 10, 29, 1, 5, 44, 84410), datetime.datetime(2023, 10, 29, 1, 5, 44, 84410), '2d6598d6-7b5f-404f-b60f-4f9dbdbdef49', '52fb5ec3-a046-4521-b97f-0f62336a2a5a'), ('650c7c0b-5b68-4d11-8bfe-286fed3a9809', datetime.datetime(2023, 7, 26, 23, 6, 7, 654623), datetime.datetime(2023, 7, 26, 23, 6, 7, 654623), '2d6598d6-7b5f-404f-b60f-4f9dbdbdef49', '927eecaa-24fa-4219-bdd7-ec669dfcd13d'), ('6a35e4ad-3d96-42aa-8617-2ce9ccf5cf61', datetime.datetime(2023, 7, 23, 12, 57, 7, 875134), datetime.datetime(2023, 7, 23, 12, 57, 7, 875134), '2d6598d6-7b5f-404f-b60f-4f9dbdbdef49', 'f88439ea-a61c-427f-884e-d800e0ca3eeb'), ('81ec8531-7e99-431a-8f46-16bdac521101', datetime.datetime(2023, 10, 29, 1, 5, 44, 67395), datetime.datetime(2023, 10, 29, 1, 5, 44, 67395), '2d6598d6-7b5f-404f-b60f-4f9dbdbdef49', '3fc29843-683b-40aa-b012-8904b9d28639'), ('847c3415-2d98-4d35-bcc5-c62592d61719', datetime.datetime(2023, 10, 29, 1, 5, 44, 80398), datetime.datetime(2023, 10, 29, 1, 5, 44, 80398), '2d6598d6-7b5f-404f-b60f-4f9dbdbdef49', '57ce3f10-ea61-4d76-8579-99db67dd7291'), ('8c4ed2d9-4701-4f2a-98cd-aaec1d0d0fe1', datetime.datetime(2023, 10, 29, 1, 5, 44, 67395), datetime.datetime(2023, 10, 29, 1, 5, 44, 67395), '2d6598d6-7b5f-404f-b60f-4f9dbdbdef49', '45b9e07f-cf72-48e8-93b0-ebdec059e5d9'), ('bc83f6b5-16c2-469f-bbe3-d7e83dca3d56', datetime.datetime(2023, 7, 23, 12, 56, 56, 529214), datetime.datetime(2023, 7, 23, 12, 56, 56, 529214), '2d6598d6-7b5f-404f-b60f-4f9dbdbdef49', '773d24a2-be01-4398-a811-f490f915a93b'), ('eef74221-265a-4dd4-91b0-6c7c5b1d799a', datetime.datetime(2023, 10, 12, 22, 5, 46, 167078), datetime.datetime(2023, 10, 12, 22, 5, 46, 167078), '2d6598d6-7b5f-404f-b60f-4f9dbdbdef49', 'a593ee93-d357-4d16-8fff-f09c4214e5c1')]
2023-11-19 20:53:59,022 INFO venv Thread-1 (process_request_thread) : teacher data : [('0f80f30b-a3d7-4466-8f99-ab8e3c860956', datetime.datetime(2023, 10, 29, 13, 37, 17, 648179), datetime.datetime(2023, 10, 29, 13, 37, 17, 648179), '2d6598d6-7b5f-404f-b60f-4f9dbdbdef49', '08545b03-f586-4d89-8d7d-a78f0a8ed38b'), ('3c1fcc31-6c69-45ea-b2c1-629e9c312eae', datetime.datetime(2023, 10, 29, 0, 29, 21, 234724), datetime.datetime(2023, 10, 29, 0, 29, 21, 234724), '2d6598d6-7b5f-404f-b60f-4f9dbdbdef49', '890f726b-2899-4b33-b67e-692c70847330'), ('6c8e6d3f-7dea-4646-b034-e16a9ec96c30', datetime.datetime(2023, 7, 23, 13, 44, 48, 923733), datetime.datetime(2023, 7, 23, 13, 44, 48, 923733), '2d6598d6-7b5f-404f-b60f-4f9dbdbdef49', '49b12d6c-d5bb-4ca0-b0a3-bd1c6cdf33ce'), ('6d805a70-9ff1-4715-a42a-61f5e592d649', datetime.datetime(2023, 10, 29, 0, 46, 35, 615015), datetime.datetime(2023, 10, 29, 0, 46, 35, 615015), '2d6598d6-7b5f-404f-b60f-4f9dbdbdef49', '3bf9dc03-c475-4c88-8eea-aeab37c63744'), ('994fdf84-1193-46bc-8296-fd02b9c49c3d', datetime.datetime(2023, 10, 29, 0, 26, 7, 771421), datetime.datetime(2023, 10, 29, 0, 26, 7, 771421), '2d6598d6-7b5f-404f-b60f-4f9dbdbdef49', '15633393-b2d7-463a-b0e8-3cf7bd8529f8'), ('9c1d4446-81bc-44bf-9484-dd85a6fe7205', datetime.datetime(2023, 10, 29, 0, 26, 7, 776369), datetime.datetime(2023, 10, 29, 0, 26, 7, 776369), '2d6598d6-7b5f-404f-b60f-4f9dbdbdef49', 'b982b7cd-21ca-495e-ab7d-2d7c1d6f5043'), ('b620f3e9-3481-4245-9e45-8c5240d66964', datetime.datetime(2023, 10, 29, 0, 25, 31, 217308), datetime.datetime(2023, 10, 29, 0, 25, 31, 217308), '2d6598d6-7b5f-404f-b60f-4f9dbdbdef49', '1ae2c597-7fdd-48a7-8c0f-519a345bfc25'), ('d268300d-c9d3-4bed-844b-92bafff73f1a', datetime.datetime(2023, 10, 29, 13, 37, 1, 558343), datetime.datetime(2023, 10, 29, 13, 37, 1, 558343), '2d6598d6-7b5f-404f-b60f-4f9dbdbdef49', 'db44ce43-c44d-4ac4-b510-53419db361f8'), ('fd4f4a22-ed3d-44a0-b02e-6c223b1947cd', datetime.datetime(2023, 10, 29, 0, 30, 49, 306023), datetime.datetime(2023, 10, 29, 0, 30, 49, 306023), '2d6598d6-7b5f-404f-b60f-4f9dbdbdef49', 'de48b7bd-4c46-4fb2-b726-09b0e5da7de3')]
2023-11-19 20:53:59,024 INFO venv Thread-1 (process_request_thread) : class_id : 2fb3717f-4609-4539-bcea-97b23889c796, class_name : [('Database Management System ',)]
2023-11-19 20:53:59,028 INFO venv Thread-1 (process_request_thread) : student data : [('33e526f4-a294-450b-9343-232f89e060ee', datetime.datetime(2023, 7, 23, 13, 14, 46, 766745), datetime.datetime(2023, 7, 23, 13, 14, 46, 766745), '2fb3717f-4609-4539-bcea-97b23889c796', '66d6ceec-12a3-4584-b372-0819ddd99729'), ('40bb1ead-d58a-45a7-9c0d-499758b3d34d', datetime.datetime(2023, 7, 23, 13, 14, 46, 770932), datetime.datetime(2023, 7, 23, 13, 14, 46, 770932), '2fb3717f-4609-4539-bcea-97b23889c796', '927eecaa-24fa-4219-bdd7-ec669dfcd13d'), ('4cebb0d6-ac0f-4417-affe-6098b21c6978', datetime.datetime(2023, 7, 23, 13, 14, 46, 766745), datetime.datetime(2023, 7, 23, 13, 14, 46, 766745), '2fb3717f-4609-4539-bcea-97b23889c796', '773d24a2-be01-4398-a811-f490f915a93b'), ('5a8fb732-6c37-4c71-be7e-de819bef675c', datetime.datetime(2023, 7, 23, 13, 14, 46, 766745), datetime.datetime(2023, 7, 23, 13, 14, 46, 766745), '2fb3717f-4609-4539-bcea-97b23889c796', '985657d4-0ffc-4bc0-81d2-4f05b5fc7f4a'), ('ec3c03d0-00bd-4db9-965c-92b6b52e0312', datetime.datetime(2023, 7, 23, 13, 14, 46, 766745), datetime.datetime(2023, 7, 23, 13, 14, 46, 766745), '2fb3717f-4609-4539-bcea-97b23889c796', '74afc075-1a9b-473f-95a8-d4b7a2b00210')]
2023-11-19 20:53:59,031 INFO venv Thread-1 (process_request_thread) : teacher data : [('7db32edd-dada-4f29-a916-ff0a36cecb45', datetime.datetime(2023, 7, 23, 13, 14, 21, 829873), datetime.datetime(2023, 7, 23, 13, 14, 21, 829873), '2fb3717f-4609-4539-bcea-97b23889c796', '08545b03-f586-4d89-8d7d-a78f0a8ed38b')]
2023-11-19 20:53:59,035 INFO venv Thread-1 (process_request_thread) : class_id : 3b31454e-b6cd-4fe8-a89f-e1af7699ecff, class_name : [('Advanced Java Programming ',)]
2023-11-19 20:53:59,038 INFO venv Thread-1 (process_request_thread) : student data : []
2023-11-19 20:53:59,040 INFO venv Thread-1 (process_request_thread) : teacher data : []
2023-11-19 20:53:59,042 INFO venv Thread-1 (process_request_thread) : class_id : 51c8c85c-4c99-4799-b0c5-6602e778b268, class_name : [('DS123 - Data Structure and Algorithm',)]
2023-11-19 20:53:59,044 INFO venv Thread-1 (process_request_thread) : student data : []
2023-11-19 20:53:59,047 INFO venv Thread-1 (process_request_thread) : teacher data : []
2023-11-19 20:53:59,050 INFO venv Thread-1 (process_request_thread) : class_id : 66c641aa-0234-4dbb-8ce3-4b63f4910ac0, class_name : [('Software Engineering',)]
2023-11-19 20:53:59,053 INFO venv Thread-1 (process_request_thread) : student data : []
2023-11-19 20:53:59,056 INFO venv Thread-1 (process_request_thread) : teacher data : []
2023-11-19 20:53:59,057 INFO venv Thread-1 (process_request_thread) : class_id : 8388a37f-5954-459d-808c-abc178d5a202, class_name : [('Software Group Project',)]
2023-11-19 20:53:59,059 INFO venv Thread-1 (process_request_thread) : student data : []
2023-11-19 20:53:59,063 INFO venv Thread-1 (process_request_thread) : teacher data : [('75fac44a-66b5-44e1-9057-fa480f00d214', datetime.datetime(2023, 7, 19, 0, 41, 28, 256462), datetime.datetime(2023, 7, 19, 0, 41, 28, 256462), '8388a37f-5954-459d-808c-abc178d5a202', '08545b03-f586-4d89-8d7d-a78f0a8ed38b')]
2023-11-19 20:53:59,064 INFO venv Thread-1 (process_request_thread) : class_id : 8ada8087-68a8-4279-81cb-43d608d7b426, class_name : [('Java Programming',)]
2023-11-19 20:53:59,067 INFO venv Thread-1 (process_request_thread) : student data : []
2023-11-19 20:53:59,070 INFO venv Thread-1 (process_request_thread) : teacher data : []
2023-11-19 20:53:59,072 INFO venv Thread-1 (process_request_thread) : class_id : aa2d5491-f3c9-43c1-a35c-8a9f16fd5982, class_name : [('COMI - Computer Architecture',)]
2023-11-19 20:53:59,074 INFO venv Thread-1 (process_request_thread) : student data : []
2023-11-19 20:53:59,077 INFO venv Thread-1 (process_request_thread) : teacher data : [('0eeb3233-903f-4f05-bea5-b6a6248aee51', datetime.datetime(2023, 7, 19, 0, 45, 49, 13017), datetime.datetime(2023, 7, 19, 0, 45, 49, 13017), 'aa2d5491-f3c9-43c1-a35c-8a9f16fd5982', '08545b03-f586-4d89-8d7d-a78f0a8ed38b')]
2023-11-19 20:53:59,079 INFO venv Thread-1 (process_request_thread) : class_id : b7d7dc51-9ac5-40ee-bd19-ec71994687a5, class_name : [('Test Engineering',)]
2023-11-19 20:53:59,082 INFO venv Thread-1 (process_request_thread) : student data : []
2023-11-19 20:53:59,086 INFO venv Thread-1 (process_request_thread) : teacher data : [('524f2519-be38-49eb-a3d4-f581055c6f7d', datetime.datetime(2023, 8, 15, 23, 12, 6, 863411), datetime.datetime(2023, 8, 15, 23, 12, 6, 863411), 'b7d7dc51-9ac5-40ee-bd19-ec71994687a5', '15633393-b2d7-463a-b0e8-3cf7bd8529f8'), ('54a95c69-6351-4c7e-8cab-3cb215933d02', datetime.datetime(2023, 8, 15, 23, 12, 6, 863411), datetime.datetime(2023, 8, 15, 23, 12, 6, 863411), 'b7d7dc51-9ac5-40ee-bd19-ec71994687a5', '14b8f7f5-5e99-438e-aecb-e946163feeef'), ('a27079b8-da2f-4103-874b-379f6d44d4c2', datetime.datetime(2023, 8, 15, 23, 12, 6, 863411), datetime.datetime(2023, 8, 15, 23, 12, 6, 863411), 'b7d7dc51-9ac5-40ee-bd19-ec71994687a5', '08545b03-f586-4d89-8d7d-a78f0a8ed38b')]
2023-11-19 20:53:59,088 INFO venv Thread-1 (process_request_thread) : class_id : c395c833-b02a-4104-a7ef-59b503d87e95, class_name : [('C++ Programming',)]
2023-11-19 20:53:59,090 INFO venv Thread-1 (process_request_thread) : student data : []
2023-11-19 20:53:59,092 INFO venv Thread-1 (process_request_thread) : teacher data : [('ba21c382-1206-4179-afdb-249ca3135ae2', datetime.datetime(2023, 7, 19, 0, 54, 40, 932702), datetime.datetime(2023, 7, 19, 0, 54, 40, 932702), 'c395c833-b02a-4104-a7ef-59b503d87e95', '08545b03-f586-4d89-8d7d-a78f0a8ed38b')]
2023-11-19 20:53:59,093 INFO werkzeug Thread-1 (process_request_thread) : 127.0.0.1 - - [19/Nov/2023 20:53:59] "POST /get_org_admin_stats HTTP/1.1" 200 -
2023-11-19 20:54:44,469 INFO werkzeug MainThread : [31m[1mWARNING: This is a development server. Do not use it in a production deployment. Use a production WSGI server instead.[0m
 * Running on http://127.0.0.1:5000
2023-11-19 20:54:44,469 INFO werkzeug MainThread : [33mPress CTRL+C to quit[0m
2023-11-19 20:54:51,046 INFO venv Thread-1 (process_request_thread) : request called for /get_org_admin_stats endpoint
2023-11-19 20:54:51,048 INFO venv Thread-1 (process_request_thread) : data received for org admin stats controller with data : {'organization_id': 'a77f5d7b-c50d-418d-8c66-3814049ca386'}
2023-11-19 20:54:51,051 INFO venv Thread-1 (process_request_thread) : classroom cnt : 10 for organization with org_id : a77f5d7b-c50d-418d-8c66-3814049ca386
2023-11-19 20:54:51,053 INFO venv Thread-1 (process_request_thread) : teacher cnt : 18 for organization with org_id : a77f5d7b-c50d-418d-8c66-3814049ca386
2023-11-19 20:54:51,055 INFO venv Thread-1 (process_request_thread) : student cnt : 17 for organization with org_id : a77f5d7b-c50d-418d-8c66-3814049ca386
2023-11-19 20:54:51,058 INFO venv Thread-1 (process_request_thread) : classroom ids : [('2d6598d6-7b5f-404f-b60f-4f9dbdbdef49',), ('2fb3717f-4609-4539-bcea-97b23889c796',), ('3b31454e-b6cd-4fe8-a89f-e1af7699ecff',), ('51c8c85c-4c99-4799-b0c5-6602e778b268',), ('66c641aa-0234-4dbb-8ce3-4b63f4910ac0',), ('8388a37f-5954-459d-808c-abc178d5a202',), ('8ada8087-68a8-4279-81cb-43d608d7b426',), ('aa2d5491-f3c9-43c1-a35c-8a9f16fd5982',), ('b7d7dc51-9ac5-40ee-bd19-ec71994687a5',), ('c395c833-b02a-4104-a7ef-59b503d87e95',)]
2023-11-19 20:54:51,077 INFO venv Thread-1 (process_request_thread) : class_id : 2d6598d6-7b5f-404f-b60f-4f9dbdbdef49, quizzes cnt : 4
2023-11-19 20:54:51,078 INFO venv Thread-1 (process_request_thread) : quiz_id : 64dbc0840f386c421746d45f, attempt cnt : 1
2023-11-19 20:54:51,082 INFO venv Thread-1 (process_request_thread) : quiz_id : 64dbc0a10f386c421746d460, attempt cnt : 0
2023-11-19 20:54:51,084 INFO venv Thread-1 (process_request_thread) : quiz_id : 64dbc1110f386c421746d461, attempt cnt : 0
2023-11-19 20:54:51,086 INFO venv Thread-1 (process_request_thread) : quiz_id : 6542012666f47d1f30c382b9, attempt cnt : 0
2023-11-19 20:54:51,089 INFO venv Thread-1 (process_request_thread) : class_id : 2fb3717f-4609-4539-bcea-97b23889c796, quizzes cnt : 2
2023-11-19 20:54:51,091 INFO venv Thread-1 (process_request_thread) : quiz_id : 653fd14d73f9fe6766d1694b, attempt cnt : 1
2023-11-19 20:54:51,092 INFO venv Thread-1 (process_request_thread) : quiz_id : 653fd1af73f9fe6766d1694c, attempt cnt : 0
2023-11-19 20:54:51,093 INFO venv Thread-1 (process_request_thread) : class_id : 3b31454e-b6cd-4fe8-a89f-e1af7699ecff, quizzes cnt : 0
2023-11-19 20:54:51,094 INFO venv Thread-1 (process_request_thread) : class_id : 51c8c85c-4c99-4799-b0c5-6602e778b268, quizzes cnt : 0
2023-11-19 20:54:51,097 INFO venv Thread-1 (process_request_thread) : class_id : 66c641aa-0234-4dbb-8ce3-4b63f4910ac0, quizzes cnt : 0
2023-11-19 20:54:51,101 INFO venv Thread-1 (process_request_thread) : class_id : 8388a37f-5954-459d-808c-abc178d5a202, quizzes cnt : 0
2023-11-19 20:54:51,103 INFO venv Thread-1 (process_request_thread) : class_id : 8ada8087-68a8-4279-81cb-43d608d7b426, quizzes cnt : 0
2023-11-19 20:54:51,104 INFO venv Thread-1 (process_request_thread) : class_id : aa2d5491-f3c9-43c1-a35c-8a9f16fd5982, quizzes cnt : 0
2023-11-19 20:54:51,106 INFO venv Thread-1 (process_request_thread) : class_id : b7d7dc51-9ac5-40ee-bd19-ec71994687a5, quizzes cnt : 4
2023-11-19 20:54:51,108 INFO venv Thread-1 (process_request_thread) : quiz_id : 64dbb8266134bd1df333e8f8, attempt cnt : 0
2023-11-19 20:54:51,109 INFO venv Thread-1 (process_request_thread) : quiz_id : 64dbbe450f386c421746d45d, attempt cnt : 0
2023-11-19 20:54:51,110 INFO venv Thread-1 (process_request_thread) : quiz_id : 64dbbe610f386c421746d45e, attempt cnt : 0
2023-11-19 20:54:51,111 INFO venv Thread-1 (process_request_thread) : quiz_id : 64dfa96d8d851c3816d56aee, attempt cnt : 0
2023-11-19 20:54:51,115 INFO venv Thread-1 (process_request_thread) : class_id : c395c833-b02a-4104-a7ef-59b503d87e95, quizzes cnt : 2
2023-11-19 20:54:51,118 INFO venv Thread-1 (process_request_thread) : quiz_id : 64dfaf3a8d851c3816d56aef, attempt cnt : 0
2023-11-19 20:54:51,119 INFO venv Thread-1 (process_request_thread) : quiz_id : 6526d220ba7ddf02cc2a0243, attempt cnt : 0
2023-11-19 20:54:51,121 INFO venv Thread-1 (process_request_thread) : class_id : 2d6598d6-7b5f-404f-b60f-4f9dbdbdef49, class_name : DS - 2 Design and Analysis of Algorithms
2023-11-19 20:54:51,126 INFO venv Thread-1 (process_request_thread) : student data : [('3e2665c0-8987-4bbb-98a9-bc4aa8645290', datetime.datetime(2023, 10, 29, 1, 5, 44, 84410), datetime.datetime(2023, 10, 29, 1, 5, 44, 84410), '2d6598d6-7b5f-404f-b60f-4f9dbdbdef49', '52fb5ec3-a046-4521-b97f-0f62336a2a5a'), ('650c7c0b-5b68-4d11-8bfe-286fed3a9809', datetime.datetime(2023, 7, 26, 23, 6, 7, 654623), datetime.datetime(2023, 7, 26, 23, 6, 7, 654623), '2d6598d6-7b5f-404f-b60f-4f9dbdbdef49', '927eecaa-24fa-4219-bdd7-ec669dfcd13d'), ('6a35e4ad-3d96-42aa-8617-2ce9ccf5cf61', datetime.datetime(2023, 7, 23, 12, 57, 7, 875134), datetime.datetime(2023, 7, 23, 12, 57, 7, 875134), '2d6598d6-7b5f-404f-b60f-4f9dbdbdef49', 'f88439ea-a61c-427f-884e-d800e0ca3eeb'), ('81ec8531-7e99-431a-8f46-16bdac521101', datetime.datetime(2023, 10, 29, 1, 5, 44, 67395), datetime.datetime(2023, 10, 29, 1, 5, 44, 67395), '2d6598d6-7b5f-404f-b60f-4f9dbdbdef49', '3fc29843-683b-40aa-b012-8904b9d28639'), ('847c3415-2d98-4d35-bcc5-c62592d61719', datetime.datetime(2023, 10, 29, 1, 5, 44, 80398), datetime.datetime(2023, 10, 29, 1, 5, 44, 80398), '2d6598d6-7b5f-404f-b60f-4f9dbdbdef49', '57ce3f10-ea61-4d76-8579-99db67dd7291'), ('8c4ed2d9-4701-4f2a-98cd-aaec1d0d0fe1', datetime.datetime(2023, 10, 29, 1, 5, 44, 67395), datetime.datetime(2023, 10, 29, 1, 5, 44, 67395), '2d6598d6-7b5f-404f-b60f-4f9dbdbdef49', '45b9e07f-cf72-48e8-93b0-ebdec059e5d9'), ('bc83f6b5-16c2-469f-bbe3-d7e83dca3d56', datetime.datetime(2023, 7, 23, 12, 56, 56, 529214), datetime.datetime(2023, 7, 23, 12, 56, 56, 529214), '2d6598d6-7b5f-404f-b60f-4f9dbdbdef49', '773d24a2-be01-4398-a811-f490f915a93b'), ('eef74221-265a-4dd4-91b0-6c7c5b1d799a', datetime.datetime(2023, 10, 12, 22, 5, 46, 167078), datetime.datetime(2023, 10, 12, 22, 5, 46, 167078), '2d6598d6-7b5f-404f-b60f-4f9dbdbdef49', 'a593ee93-d357-4d16-8fff-f09c4214e5c1')]
2023-11-19 20:54:51,131 INFO venv Thread-1 (process_request_thread) : teacher data : [('0f80f30b-a3d7-4466-8f99-ab8e3c860956', datetime.datetime(2023, 10, 29, 13, 37, 17, 648179), datetime.datetime(2023, 10, 29, 13, 37, 17, 648179), '2d6598d6-7b5f-404f-b60f-4f9dbdbdef49', '08545b03-f586-4d89-8d7d-a78f0a8ed38b'), ('3c1fcc31-6c69-45ea-b2c1-629e9c312eae', datetime.datetime(2023, 10, 29, 0, 29, 21, 234724), datetime.datetime(2023, 10, 29, 0, 29, 21, 234724), '2d6598d6-7b5f-404f-b60f-4f9dbdbdef49', '890f726b-2899-4b33-b67e-692c70847330'), ('6c8e6d3f-7dea-4646-b034-e16a9ec96c30', datetime.datetime(2023, 7, 23, 13, 44, 48, 923733), datetime.datetime(2023, 7, 23, 13, 44, 48, 923733), '2d6598d6-7b5f-404f-b60f-4f9dbdbdef49', '49b12d6c-d5bb-4ca0-b0a3-bd1c6cdf33ce'), ('6d805a70-9ff1-4715-a42a-61f5e592d649', datetime.datetime(2023, 10, 29, 0, 46, 35, 615015), datetime.datetime(2023, 10, 29, 0, 46, 35, 615015), '2d6598d6-7b5f-404f-b60f-4f9dbdbdef49', '3bf9dc03-c475-4c88-8eea-aeab37c63744'), ('994fdf84-1193-46bc-8296-fd02b9c49c3d', datetime.datetime(2023, 10, 29, 0, 26, 7, 771421), datetime.datetime(2023, 10, 29, 0, 26, 7, 771421), '2d6598d6-7b5f-404f-b60f-4f9dbdbdef49', '15633393-b2d7-463a-b0e8-3cf7bd8529f8'), ('9c1d4446-81bc-44bf-9484-dd85a6fe7205', datetime.datetime(2023, 10, 29, 0, 26, 7, 776369), datetime.datetime(2023, 10, 29, 0, 26, 7, 776369), '2d6598d6-7b5f-404f-b60f-4f9dbdbdef49', 'b982b7cd-21ca-495e-ab7d-2d7c1d6f5043'), ('b620f3e9-3481-4245-9e45-8c5240d66964', datetime.datetime(2023, 10, 29, 0, 25, 31, 217308), datetime.datetime(2023, 10, 29, 0, 25, 31, 217308), '2d6598d6-7b5f-404f-b60f-4f9dbdbdef49', '1ae2c597-7fdd-48a7-8c0f-519a345bfc25'), ('d268300d-c9d3-4bed-844b-92bafff73f1a', datetime.datetime(2023, 10, 29, 13, 37, 1, 558343), datetime.datetime(2023, 10, 29, 13, 37, 1, 558343), '2d6598d6-7b5f-404f-b60f-4f9dbdbdef49', 'db44ce43-c44d-4ac4-b510-53419db361f8'), ('fd4f4a22-ed3d-44a0-b02e-6c223b1947cd', datetime.datetime(2023, 10, 29, 0, 30, 49, 306023), datetime.datetime(2023, 10, 29, 0, 30, 49, 306023), '2d6598d6-7b5f-404f-b60f-4f9dbdbdef49', 'de48b7bd-4c46-4fb2-b726-09b0e5da7de3')]
2023-11-19 20:54:51,135 INFO venv Thread-1 (process_request_thread) : class_id : 2fb3717f-4609-4539-bcea-97b23889c796, class_name : Database Management System 
2023-11-19 20:54:51,138 INFO venv Thread-1 (process_request_thread) : student data : [('33e526f4-a294-450b-9343-232f89e060ee', datetime.datetime(2023, 7, 23, 13, 14, 46, 766745), datetime.datetime(2023, 7, 23, 13, 14, 46, 766745), '2fb3717f-4609-4539-bcea-97b23889c796', '66d6ceec-12a3-4584-b372-0819ddd99729'), ('40bb1ead-d58a-45a7-9c0d-499758b3d34d', datetime.datetime(2023, 7, 23, 13, 14, 46, 770932), datetime.datetime(2023, 7, 23, 13, 14, 46, 770932), '2fb3717f-4609-4539-bcea-97b23889c796', '927eecaa-24fa-4219-bdd7-ec669dfcd13d'), ('4cebb0d6-ac0f-4417-affe-6098b21c6978', datetime.datetime(2023, 7, 23, 13, 14, 46, 766745), datetime.datetime(2023, 7, 23, 13, 14, 46, 766745), '2fb3717f-4609-4539-bcea-97b23889c796', '773d24a2-be01-4398-a811-f490f915a93b'), ('5a8fb732-6c37-4c71-be7e-de819bef675c', datetime.datetime(2023, 7, 23, 13, 14, 46, 766745), datetime.datetime(2023, 7, 23, 13, 14, 46, 766745), '2fb3717f-4609-4539-bcea-97b23889c796', '985657d4-0ffc-4bc0-81d2-4f05b5fc7f4a'), ('ec3c03d0-00bd-4db9-965c-92b6b52e0312', datetime.datetime(2023, 7, 23, 13, 14, 46, 766745), datetime.datetime(2023, 7, 23, 13, 14, 46, 766745), '2fb3717f-4609-4539-bcea-97b23889c796', '74afc075-1a9b-473f-95a8-d4b7a2b00210')]
2023-11-19 20:54:51,142 INFO venv Thread-1 (process_request_thread) : teacher data : [('7db32edd-dada-4f29-a916-ff0a36cecb45', datetime.datetime(2023, 7, 23, 13, 14, 21, 829873), datetime.datetime(2023, 7, 23, 13, 14, 21, 829873), '2fb3717f-4609-4539-bcea-97b23889c796', '08545b03-f586-4d89-8d7d-a78f0a8ed38b')]
2023-11-19 20:54:51,144 INFO venv Thread-1 (process_request_thread) : class_id : 3b31454e-b6cd-4fe8-a89f-e1af7699ecff, class_name : Advanced Java Programming 
2023-11-19 20:54:51,145 INFO venv Thread-1 (process_request_thread) : student data : []
2023-11-19 20:54:51,151 INFO venv Thread-1 (process_request_thread) : teacher data : []
2023-11-19 20:54:51,153 INFO venv Thread-1 (process_request_thread) : class_id : 51c8c85c-4c99-4799-b0c5-6602e778b268, class_name : DS123 - Data Structure and Algorithm
2023-11-19 20:54:51,155 INFO venv Thread-1 (process_request_thread) : student data : []
2023-11-19 20:54:51,158 INFO venv Thread-1 (process_request_thread) : teacher data : []
2023-11-19 20:54:51,161 INFO venv Thread-1 (process_request_thread) : class_id : 66c641aa-0234-4dbb-8ce3-4b63f4910ac0, class_name : Software Engineering
2023-11-19 20:54:51,163 INFO venv Thread-1 (process_request_thread) : student data : []
2023-11-19 20:54:51,168 INFO venv Thread-1 (process_request_thread) : teacher data : []
2023-11-19 20:54:51,171 INFO venv Thread-1 (process_request_thread) : class_id : 8388a37f-5954-459d-808c-abc178d5a202, class_name : Software Group Project
2023-11-19 20:54:51,172 INFO venv Thread-1 (process_request_thread) : student data : []
2023-11-19 20:54:51,175 INFO venv Thread-1 (process_request_thread) : teacher data : [('75fac44a-66b5-44e1-9057-fa480f00d214', datetime.datetime(2023, 7, 19, 0, 41, 28, 256462), datetime.datetime(2023, 7, 19, 0, 41, 28, 256462), '8388a37f-5954-459d-808c-abc178d5a202', '08545b03-f586-4d89-8d7d-a78f0a8ed38b')]
2023-11-19 20:54:51,177 INFO venv Thread-1 (process_request_thread) : class_id : 8ada8087-68a8-4279-81cb-43d608d7b426, class_name : Java Programming
2023-11-19 20:54:51,178 INFO venv Thread-1 (process_request_thread) : student data : []
2023-11-19 20:54:51,185 INFO venv Thread-1 (process_request_thread) : teacher data : []
2023-11-19 20:54:51,187 INFO venv Thread-1 (process_request_thread) : class_id : aa2d5491-f3c9-43c1-a35c-8a9f16fd5982, class_name : COMI - Computer Architecture
2023-11-19 20:54:51,190 INFO venv Thread-1 (process_request_thread) : student data : []
2023-11-19 20:54:51,193 INFO venv Thread-1 (process_request_thread) : teacher data : [('0eeb3233-903f-4f05-bea5-b6a6248aee51', datetime.datetime(2023, 7, 19, 0, 45, 49, 13017), datetime.datetime(2023, 7, 19, 0, 45, 49, 13017), 'aa2d5491-f3c9-43c1-a35c-8a9f16fd5982', '08545b03-f586-4d89-8d7d-a78f0a8ed38b')]
2023-11-19 20:54:51,195 INFO venv Thread-1 (process_request_thread) : class_id : b7d7dc51-9ac5-40ee-bd19-ec71994687a5, class_name : Test Engineering
2023-11-19 20:54:51,200 INFO venv Thread-1 (process_request_thread) : student data : []
2023-11-19 20:54:51,204 INFO venv Thread-1 (process_request_thread) : teacher data : [('524f2519-be38-49eb-a3d4-f581055c6f7d', datetime.datetime(2023, 8, 15, 23, 12, 6, 863411), datetime.datetime(2023, 8, 15, 23, 12, 6, 863411), 'b7d7dc51-9ac5-40ee-bd19-ec71994687a5', '15633393-b2d7-463a-b0e8-3cf7bd8529f8'), ('54a95c69-6351-4c7e-8cab-3cb215933d02', datetime.datetime(2023, 8, 15, 23, 12, 6, 863411), datetime.datetime(2023, 8, 15, 23, 12, 6, 863411), 'b7d7dc51-9ac5-40ee-bd19-ec71994687a5', '14b8f7f5-5e99-438e-aecb-e946163feeef'), ('a27079b8-da2f-4103-874b-379f6d44d4c2', datetime.datetime(2023, 8, 15, 23, 12, 6, 863411), datetime.datetime(2023, 8, 15, 23, 12, 6, 863411), 'b7d7dc51-9ac5-40ee-bd19-ec71994687a5', '08545b03-f586-4d89-8d7d-a78f0a8ed38b')]
2023-11-19 20:54:51,206 INFO venv Thread-1 (process_request_thread) : class_id : c395c833-b02a-4104-a7ef-59b503d87e95, class_name : C++ Programming
2023-11-19 20:54:51,208 INFO venv Thread-1 (process_request_thread) : student data : []
2023-11-19 20:54:51,210 INFO venv Thread-1 (process_request_thread) : teacher data : [('ba21c382-1206-4179-afdb-249ca3135ae2', datetime.datetime(2023, 7, 19, 0, 54, 40, 932702), datetime.datetime(2023, 7, 19, 0, 54, 40, 932702), 'c395c833-b02a-4104-a7ef-59b503d87e95', '08545b03-f586-4d89-8d7d-a78f0a8ed38b')]
2023-11-19 20:54:51,211 INFO werkzeug Thread-1 (process_request_thread) : 127.0.0.1 - - [19/Nov/2023 20:54:51] "POST /get_org_admin_stats HTTP/1.1" 200 -
2023-11-19 20:57:38,664 INFO werkzeug MainThread : [31m[1mWARNING: This is a development server. Do not use it in a production deployment. Use a production WSGI server instead.[0m
 * Running on http://127.0.0.1:5000
2023-11-19 20:57:38,664 INFO werkzeug MainThread : [33mPress CTRL+C to quit[0m
2023-11-19 20:57:42,035 INFO venv Thread-1 (process_request_thread) : request called for /get_org_admin_stats endpoint
2023-11-19 20:57:42,036 INFO venv Thread-1 (process_request_thread) : data received for org admin stats controller with data : {'organization_id': 'a77f5d7b-c50d-418d-8c66-3814049ca386'}
2023-11-19 20:57:42,038 INFO venv Thread-1 (process_request_thread) : classroom cnt : 10 for organization with org_id : a77f5d7b-c50d-418d-8c66-3814049ca386
2023-11-19 20:57:42,042 INFO venv Thread-1 (process_request_thread) : teacher cnt : 18 for organization with org_id : a77f5d7b-c50d-418d-8c66-3814049ca386
2023-11-19 20:57:42,046 INFO venv Thread-1 (process_request_thread) : student cnt : 17 for organization with org_id : a77f5d7b-c50d-418d-8c66-3814049ca386
2023-11-19 20:57:42,049 INFO venv Thread-1 (process_request_thread) : classroom ids : [('2d6598d6-7b5f-404f-b60f-4f9dbdbdef49',), ('2fb3717f-4609-4539-bcea-97b23889c796',), ('3b31454e-b6cd-4fe8-a89f-e1af7699ecff',), ('51c8c85c-4c99-4799-b0c5-6602e778b268',), ('66c641aa-0234-4dbb-8ce3-4b63f4910ac0',), ('8388a37f-5954-459d-808c-abc178d5a202',), ('8ada8087-68a8-4279-81cb-43d608d7b426',), ('aa2d5491-f3c9-43c1-a35c-8a9f16fd5982',), ('b7d7dc51-9ac5-40ee-bd19-ec71994687a5',), ('c395c833-b02a-4104-a7ef-59b503d87e95',)]
2023-11-19 20:57:42,070 INFO venv Thread-1 (process_request_thread) : class_id : 2d6598d6-7b5f-404f-b60f-4f9dbdbdef49, quizzes cnt : 4
2023-11-19 20:57:42,072 INFO venv Thread-1 (process_request_thread) : quiz_id : 64dbc0840f386c421746d45f, attempt cnt : 1
2023-11-19 20:57:42,074 INFO venv Thread-1 (process_request_thread) : quiz_id : 64dbc0a10f386c421746d460, attempt cnt : 0
2023-11-19 20:57:42,076 INFO venv Thread-1 (process_request_thread) : quiz_id : 64dbc1110f386c421746d461, attempt cnt : 0
2023-11-19 20:57:42,079 INFO venv Thread-1 (process_request_thread) : quiz_id : 6542012666f47d1f30c382b9, attempt cnt : 0
2023-11-19 20:57:42,083 INFO venv Thread-1 (process_request_thread) : class_id : 2fb3717f-4609-4539-bcea-97b23889c796, quizzes cnt : 2
2023-11-19 20:57:42,086 INFO venv Thread-1 (process_request_thread) : quiz_id : 653fd14d73f9fe6766d1694b, attempt cnt : 1
2023-11-19 20:57:42,087 INFO venv Thread-1 (process_request_thread) : quiz_id : 653fd1af73f9fe6766d1694c, attempt cnt : 0
2023-11-19 20:57:42,089 INFO venv Thread-1 (process_request_thread) : class_id : 3b31454e-b6cd-4fe8-a89f-e1af7699ecff, quizzes cnt : 0
2023-11-19 20:57:42,090 INFO venv Thread-1 (process_request_thread) : class_id : 51c8c85c-4c99-4799-b0c5-6602e778b268, quizzes cnt : 0
2023-11-19 20:57:42,091 INFO venv Thread-1 (process_request_thread) : class_id : 66c641aa-0234-4dbb-8ce3-4b63f4910ac0, quizzes cnt : 0
2023-11-19 20:57:42,092 INFO venv Thread-1 (process_request_thread) : class_id : 8388a37f-5954-459d-808c-abc178d5a202, quizzes cnt : 0
2023-11-19 20:57:42,092 INFO venv Thread-1 (process_request_thread) : class_id : 8ada8087-68a8-4279-81cb-43d608d7b426, quizzes cnt : 0
2023-11-19 20:57:42,094 INFO venv Thread-1 (process_request_thread) : class_id : aa2d5491-f3c9-43c1-a35c-8a9f16fd5982, quizzes cnt : 0
2023-11-19 20:57:42,099 INFO venv Thread-1 (process_request_thread) : class_id : b7d7dc51-9ac5-40ee-bd19-ec71994687a5, quizzes cnt : 4
2023-11-19 20:57:42,101 INFO venv Thread-1 (process_request_thread) : quiz_id : 64dbb8266134bd1df333e8f8, attempt cnt : 0
2023-11-19 20:57:42,102 INFO venv Thread-1 (process_request_thread) : quiz_id : 64dbbe450f386c421746d45d, attempt cnt : 0
2023-11-19 20:57:42,103 INFO venv Thread-1 (process_request_thread) : quiz_id : 64dbbe610f386c421746d45e, attempt cnt : 0
2023-11-19 20:57:42,105 INFO venv Thread-1 (process_request_thread) : quiz_id : 64dfa96d8d851c3816d56aee, attempt cnt : 0
2023-11-19 20:57:42,106 INFO venv Thread-1 (process_request_thread) : class_id : c395c833-b02a-4104-a7ef-59b503d87e95, quizzes cnt : 2
2023-11-19 20:57:42,107 INFO venv Thread-1 (process_request_thread) : quiz_id : 64dfaf3a8d851c3816d56aef, attempt cnt : 0
2023-11-19 20:57:42,108 INFO venv Thread-1 (process_request_thread) : quiz_id : 6526d220ba7ddf02cc2a0243, attempt cnt : 0
2023-11-19 20:57:42,110 INFO venv Thread-1 (process_request_thread) : class_id : 2d6598d6-7b5f-404f-b60f-4f9dbdbdef49, class_name : DS - 2 Design and Analysis of Algorithms
2023-11-19 20:57:42,118 INFO venv Thread-1 (process_request_thread) : student data : [('3e2665c0-8987-4bbb-98a9-bc4aa8645290', datetime.datetime(2023, 10, 29, 1, 5, 44, 84410), datetime.datetime(2023, 10, 29, 1, 5, 44, 84410), '2d6598d6-7b5f-404f-b60f-4f9dbdbdef49', '52fb5ec3-a046-4521-b97f-0f62336a2a5a'), ('650c7c0b-5b68-4d11-8bfe-286fed3a9809', datetime.datetime(2023, 7, 26, 23, 6, 7, 654623), datetime.datetime(2023, 7, 26, 23, 6, 7, 654623), '2d6598d6-7b5f-404f-b60f-4f9dbdbdef49', '927eecaa-24fa-4219-bdd7-ec669dfcd13d'), ('6a35e4ad-3d96-42aa-8617-2ce9ccf5cf61', datetime.datetime(2023, 7, 23, 12, 57, 7, 875134), datetime.datetime(2023, 7, 23, 12, 57, 7, 875134), '2d6598d6-7b5f-404f-b60f-4f9dbdbdef49', 'f88439ea-a61c-427f-884e-d800e0ca3eeb'), ('81ec8531-7e99-431a-8f46-16bdac521101', datetime.datetime(2023, 10, 29, 1, 5, 44, 67395), datetime.datetime(2023, 10, 29, 1, 5, 44, 67395), '2d6598d6-7b5f-404f-b60f-4f9dbdbdef49', '3fc29843-683b-40aa-b012-8904b9d28639'), ('847c3415-2d98-4d35-bcc5-c62592d61719', datetime.datetime(2023, 10, 29, 1, 5, 44, 80398), datetime.datetime(2023, 10, 29, 1, 5, 44, 80398), '2d6598d6-7b5f-404f-b60f-4f9dbdbdef49', '57ce3f10-ea61-4d76-8579-99db67dd7291'), ('8c4ed2d9-4701-4f2a-98cd-aaec1d0d0fe1', datetime.datetime(2023, 10, 29, 1, 5, 44, 67395), datetime.datetime(2023, 10, 29, 1, 5, 44, 67395), '2d6598d6-7b5f-404f-b60f-4f9dbdbdef49', '45b9e07f-cf72-48e8-93b0-ebdec059e5d9'), ('bc83f6b5-16c2-469f-bbe3-d7e83dca3d56', datetime.datetime(2023, 7, 23, 12, 56, 56, 529214), datetime.datetime(2023, 7, 23, 12, 56, 56, 529214), '2d6598d6-7b5f-404f-b60f-4f9dbdbdef49', '773d24a2-be01-4398-a811-f490f915a93b'), ('eef74221-265a-4dd4-91b0-6c7c5b1d799a', datetime.datetime(2023, 10, 12, 22, 5, 46, 167078), datetime.datetime(2023, 10, 12, 22, 5, 46, 167078), '2d6598d6-7b5f-404f-b60f-4f9dbdbdef49', 'a593ee93-d357-4d16-8fff-f09c4214e5c1')]
2023-11-19 20:57:42,122 INFO venv Thread-1 (process_request_thread) : teacher data : [('0f80f30b-a3d7-4466-8f99-ab8e3c860956', datetime.datetime(2023, 10, 29, 13, 37, 17, 648179), datetime.datetime(2023, 10, 29, 13, 37, 17, 648179), '2d6598d6-7b5f-404f-b60f-4f9dbdbdef49', '08545b03-f586-4d89-8d7d-a78f0a8ed38b'), ('3c1fcc31-6c69-45ea-b2c1-629e9c312eae', datetime.datetime(2023, 10, 29, 0, 29, 21, 234724), datetime.datetime(2023, 10, 29, 0, 29, 21, 234724), '2d6598d6-7b5f-404f-b60f-4f9dbdbdef49', '890f726b-2899-4b33-b67e-692c70847330'), ('6c8e6d3f-7dea-4646-b034-e16a9ec96c30', datetime.datetime(2023, 7, 23, 13, 44, 48, 923733), datetime.datetime(2023, 7, 23, 13, 44, 48, 923733), '2d6598d6-7b5f-404f-b60f-4f9dbdbdef49', '49b12d6c-d5bb-4ca0-b0a3-bd1c6cdf33ce'), ('6d805a70-9ff1-4715-a42a-61f5e592d649', datetime.datetime(2023, 10, 29, 0, 46, 35, 615015), datetime.datetime(2023, 10, 29, 0, 46, 35, 615015), '2d6598d6-7b5f-404f-b60f-4f9dbdbdef49', '3bf9dc03-c475-4c88-8eea-aeab37c63744'), ('994fdf84-1193-46bc-8296-fd02b9c49c3d', datetime.datetime(2023, 10, 29, 0, 26, 7, 771421), datetime.datetime(2023, 10, 29, 0, 26, 7, 771421), '2d6598d6-7b5f-404f-b60f-4f9dbdbdef49', '15633393-b2d7-463a-b0e8-3cf7bd8529f8'), ('9c1d4446-81bc-44bf-9484-dd85a6fe7205', datetime.datetime(2023, 10, 29, 0, 26, 7, 776369), datetime.datetime(2023, 10, 29, 0, 26, 7, 776369), '2d6598d6-7b5f-404f-b60f-4f9dbdbdef49', 'b982b7cd-21ca-495e-ab7d-2d7c1d6f5043'), ('b620f3e9-3481-4245-9e45-8c5240d66964', datetime.datetime(2023, 10, 29, 0, 25, 31, 217308), datetime.datetime(2023, 10, 29, 0, 25, 31, 217308), '2d6598d6-7b5f-404f-b60f-4f9dbdbdef49', '1ae2c597-7fdd-48a7-8c0f-519a345bfc25'), ('d268300d-c9d3-4bed-844b-92bafff73f1a', datetime.datetime(2023, 10, 29, 13, 37, 1, 558343), datetime.datetime(2023, 10, 29, 13, 37, 1, 558343), '2d6598d6-7b5f-404f-b60f-4f9dbdbdef49', 'db44ce43-c44d-4ac4-b510-53419db361f8'), ('fd4f4a22-ed3d-44a0-b02e-6c223b1947cd', datetime.datetime(2023, 10, 29, 0, 30, 49, 306023), datetime.datetime(2023, 10, 29, 0, 30, 49, 306023), '2d6598d6-7b5f-404f-b60f-4f9dbdbdef49', 'de48b7bd-4c46-4fb2-b726-09b0e5da7de3')]
2023-11-19 20:57:42,123 INFO venv Thread-1 (process_request_thread) : class_id : 2d6598d6-7b5f-404f-b60f-4f9dbdbdef49, quizzes cnt : 4
2023-11-19 20:57:42,123 ERROR app Thread-1 (process_request_thread) : Exception on /get_org_admin_stats [POST]
Traceback (most recent call last):
  File "D:\Coding\ExamPortal\StatsAPIs\stats\routes.py", line 19, in get_org_admin_stats_route
    return get_org_admin_stats_controller(request)
           ^^^^^^^^^^^^^^^^^^^^^^^^^^^^^^^^^^^^^^^
  File "D:\Coding\ExamPortal\StatsAPIs\stats\controller.py", line 77, in get_org_admin_stats_controller
    class_stat['quizzes_cnt'] = len(len(quizzes))
                                ^^^^^^^^^^^^^^^^^
TypeError: object of type 'int' has no len()

During handling of the above exception, another exception occurred:

Traceback (most recent call last):
  File "D:\Coding\ExamPortal\StatsAPIs\venv\Lib\site-packages\flask\app.py", line 1455, in wsgi_app
    response = self.full_dispatch_request()
               ^^^^^^^^^^^^^^^^^^^^^^^^^^^^
  File "D:\Coding\ExamPortal\StatsAPIs\venv\Lib\site-packages\flask\app.py", line 869, in full_dispatch_request
    rv = self.handle_user_exception(e)
         ^^^^^^^^^^^^^^^^^^^^^^^^^^^^^
  File "D:\Coding\ExamPortal\StatsAPIs\venv\Lib\site-packages\flask_cors\extension.py", line 176, in wrapped_function
    return cors_after_request(app.make_response(f(*args, **kwargs)))
                                                ^^^^^^^^^^^^^^^^^^
  File "D:\Coding\ExamPortal\StatsAPIs\venv\Lib\site-packages\flask\app.py", line 867, in full_dispatch_request
    rv = self.dispatch_request()
         ^^^^^^^^^^^^^^^^^^^^^^^
  File "D:\Coding\ExamPortal\StatsAPIs\venv\Lib\site-packages\flask\app.py", line 852, in dispatch_request
    return self.ensure_sync(self.view_functions[rule.endpoint])(**view_args)
           ^^^^^^^^^^^^^^^^^^^^^^^^^^^^^^^^^^^^^^^^^^^^^^^^^^^^^^^^^^^^^^^^^
  File "D:\Coding\ExamPortal\StatsAPIs\stats\routes.py", line 21, in get_org_admin_stats_route
    return jsonify(e), 409
           ^^^^^^^^^^
  File "D:\Coding\ExamPortal\StatsAPIs\venv\Lib\site-packages\flask\json\__init__.py", line 170, in jsonify
    return current_app.json.response(*args, **kwargs)
           ^^^^^^^^^^^^^^^^^^^^^^^^^^^^^^^^^^^^^^^^^^
  File "D:\Coding\ExamPortal\StatsAPIs\venv\Lib\site-packages\flask\json\provider.py", line 215, in response
    f"{self.dumps(obj, **dump_args)}\n", mimetype=self.mimetype
       ^^^^^^^^^^^^^^^^^^^^^^^^^^^^
  File "D:\Coding\ExamPortal\StatsAPIs\venv\Lib\site-packages\flask\json\provider.py", line 180, in dumps
    return json.dumps(obj, **kwargs)
           ^^^^^^^^^^^^^^^^^^^^^^^^^
  File "C:\Users\HP\AppData\Local\Programs\Python\Python312\Lib\json\__init__.py", line 238, in dumps
    **kw).encode(obj)
          ^^^^^^^^^^^
  File "C:\Users\HP\AppData\Local\Programs\Python\Python312\Lib\json\encoder.py", line 200, in encode
    chunks = self.iterencode(o, _one_shot=True)
             ^^^^^^^^^^^^^^^^^^^^^^^^^^^^^^^^^^
  File "C:\Users\HP\AppData\Local\Programs\Python\Python312\Lib\json\encoder.py", line 258, in iterencode
    return _iterencode(o, 0)
           ^^^^^^^^^^^^^^^^^
  File "D:\Coding\ExamPortal\StatsAPIs\venv\Lib\site-packages\flask\json\provider.py", line 120, in _default
    raise TypeError(f"Object of type {type(o).__name__} is not JSON serializable")
TypeError: Object of type TypeError is not JSON serializable
2023-11-19 20:57:42,132 INFO werkzeug Thread-1 (process_request_thread) : 127.0.0.1 - - [19/Nov/2023 20:57:42] "[35m[1mPOST /get_org_admin_stats HTTP/1.1[0m" 500 -
2023-11-19 20:58:16,588 INFO werkzeug MainThread : [31m[1mWARNING: This is a development server. Do not use it in a production deployment. Use a production WSGI server instead.[0m
 * Running on http://127.0.0.1:5000
2023-11-19 20:58:16,588 INFO werkzeug MainThread : [33mPress CTRL+C to quit[0m
2023-11-19 20:58:19,236 INFO venv Thread-1 (process_request_thread) : request called for /get_org_admin_stats endpoint
2023-11-19 20:58:19,236 INFO venv Thread-1 (process_request_thread) : data received for org admin stats controller with data : {'organization_id': 'a77f5d7b-c50d-418d-8c66-3814049ca386'}
2023-11-19 20:58:19,238 INFO venv Thread-1 (process_request_thread) : classroom cnt : 10 for organization with org_id : a77f5d7b-c50d-418d-8c66-3814049ca386
2023-11-19 20:58:19,240 INFO venv Thread-1 (process_request_thread) : teacher cnt : 18 for organization with org_id : a77f5d7b-c50d-418d-8c66-3814049ca386
2023-11-19 20:58:19,241 INFO venv Thread-1 (process_request_thread) : student cnt : 17 for organization with org_id : a77f5d7b-c50d-418d-8c66-3814049ca386
2023-11-19 20:58:19,246 INFO venv Thread-1 (process_request_thread) : classroom ids : [('2d6598d6-7b5f-404f-b60f-4f9dbdbdef49',), ('2fb3717f-4609-4539-bcea-97b23889c796',), ('3b31454e-b6cd-4fe8-a89f-e1af7699ecff',), ('51c8c85c-4c99-4799-b0c5-6602e778b268',), ('66c641aa-0234-4dbb-8ce3-4b63f4910ac0',), ('8388a37f-5954-459d-808c-abc178d5a202',), ('8ada8087-68a8-4279-81cb-43d608d7b426',), ('aa2d5491-f3c9-43c1-a35c-8a9f16fd5982',), ('b7d7dc51-9ac5-40ee-bd19-ec71994687a5',), ('c395c833-b02a-4104-a7ef-59b503d87e95',)]
2023-11-19 20:58:19,254 INFO venv Thread-1 (process_request_thread) : class_id : 2d6598d6-7b5f-404f-b60f-4f9dbdbdef49, quizzes cnt : 4
2023-11-19 20:58:19,256 INFO venv Thread-1 (process_request_thread) : quiz_id : 64dbc0840f386c421746d45f, attempt cnt : 1
2023-11-19 20:58:19,257 INFO venv Thread-1 (process_request_thread) : quiz_id : 64dbc0a10f386c421746d460, attempt cnt : 0
2023-11-19 20:58:19,260 INFO venv Thread-1 (process_request_thread) : quiz_id : 64dbc1110f386c421746d461, attempt cnt : 0
2023-11-19 20:58:19,263 INFO venv Thread-1 (process_request_thread) : quiz_id : 6542012666f47d1f30c382b9, attempt cnt : 0
2023-11-19 20:58:19,264 INFO venv Thread-1 (process_request_thread) : class_id : 2fb3717f-4609-4539-bcea-97b23889c796, quizzes cnt : 2
2023-11-19 20:58:19,266 INFO venv Thread-1 (process_request_thread) : quiz_id : 653fd14d73f9fe6766d1694b, attempt cnt : 1
2023-11-19 20:58:19,267 INFO venv Thread-1 (process_request_thread) : quiz_id : 653fd1af73f9fe6766d1694c, attempt cnt : 0
2023-11-19 20:58:19,270 INFO venv Thread-1 (process_request_thread) : class_id : 3b31454e-b6cd-4fe8-a89f-e1af7699ecff, quizzes cnt : 0
2023-11-19 20:58:19,271 INFO venv Thread-1 (process_request_thread) : class_id : 51c8c85c-4c99-4799-b0c5-6602e778b268, quizzes cnt : 0
2023-11-19 20:58:19,273 INFO venv Thread-1 (process_request_thread) : class_id : 66c641aa-0234-4dbb-8ce3-4b63f4910ac0, quizzes cnt : 0
2023-11-19 20:58:19,274 INFO venv Thread-1 (process_request_thread) : class_id : 8388a37f-5954-459d-808c-abc178d5a202, quizzes cnt : 0
2023-11-19 20:58:19,276 INFO venv Thread-1 (process_request_thread) : class_id : 8ada8087-68a8-4279-81cb-43d608d7b426, quizzes cnt : 0
2023-11-19 20:58:19,280 INFO venv Thread-1 (process_request_thread) : class_id : aa2d5491-f3c9-43c1-a35c-8a9f16fd5982, quizzes cnt : 0
2023-11-19 20:58:19,282 INFO venv Thread-1 (process_request_thread) : class_id : b7d7dc51-9ac5-40ee-bd19-ec71994687a5, quizzes cnt : 4
2023-11-19 20:58:19,284 INFO venv Thread-1 (process_request_thread) : quiz_id : 64dbb8266134bd1df333e8f8, attempt cnt : 0
2023-11-19 20:58:19,285 INFO venv Thread-1 (process_request_thread) : quiz_id : 64dbbe450f386c421746d45d, attempt cnt : 0
2023-11-19 20:58:19,287 INFO venv Thread-1 (process_request_thread) : quiz_id : 64dbbe610f386c421746d45e, attempt cnt : 0
2023-11-19 20:58:19,289 INFO venv Thread-1 (process_request_thread) : quiz_id : 64dfa96d8d851c3816d56aee, attempt cnt : 0
2023-11-19 20:58:19,290 INFO venv Thread-1 (process_request_thread) : class_id : c395c833-b02a-4104-a7ef-59b503d87e95, quizzes cnt : 2
2023-11-19 20:58:19,291 INFO venv Thread-1 (process_request_thread) : quiz_id : 64dfaf3a8d851c3816d56aef, attempt cnt : 0
2023-11-19 20:58:19,294 INFO venv Thread-1 (process_request_thread) : quiz_id : 6526d220ba7ddf02cc2a0243, attempt cnt : 0
2023-11-19 20:58:19,297 INFO venv Thread-1 (process_request_thread) : class_id : 2d6598d6-7b5f-404f-b60f-4f9dbdbdef49, class_name : DS - 2 Design and Analysis of Algorithms
2023-11-19 20:58:19,302 INFO venv Thread-1 (process_request_thread) : student data : [('3e2665c0-8987-4bbb-98a9-bc4aa8645290', datetime.datetime(2023, 10, 29, 1, 5, 44, 84410), datetime.datetime(2023, 10, 29, 1, 5, 44, 84410), '2d6598d6-7b5f-404f-b60f-4f9dbdbdef49', '52fb5ec3-a046-4521-b97f-0f62336a2a5a'), ('650c7c0b-5b68-4d11-8bfe-286fed3a9809', datetime.datetime(2023, 7, 26, 23, 6, 7, 654623), datetime.datetime(2023, 7, 26, 23, 6, 7, 654623), '2d6598d6-7b5f-404f-b60f-4f9dbdbdef49', '927eecaa-24fa-4219-bdd7-ec669dfcd13d'), ('6a35e4ad-3d96-42aa-8617-2ce9ccf5cf61', datetime.datetime(2023, 7, 23, 12, 57, 7, 875134), datetime.datetime(2023, 7, 23, 12, 57, 7, 875134), '2d6598d6-7b5f-404f-b60f-4f9dbdbdef49', 'f88439ea-a61c-427f-884e-d800e0ca3eeb'), ('81ec8531-7e99-431a-8f46-16bdac521101', datetime.datetime(2023, 10, 29, 1, 5, 44, 67395), datetime.datetime(2023, 10, 29, 1, 5, 44, 67395), '2d6598d6-7b5f-404f-b60f-4f9dbdbdef49', '3fc29843-683b-40aa-b012-8904b9d28639'), ('847c3415-2d98-4d35-bcc5-c62592d61719', datetime.datetime(2023, 10, 29, 1, 5, 44, 80398), datetime.datetime(2023, 10, 29, 1, 5, 44, 80398), '2d6598d6-7b5f-404f-b60f-4f9dbdbdef49', '57ce3f10-ea61-4d76-8579-99db67dd7291'), ('8c4ed2d9-4701-4f2a-98cd-aaec1d0d0fe1', datetime.datetime(2023, 10, 29, 1, 5, 44, 67395), datetime.datetime(2023, 10, 29, 1, 5, 44, 67395), '2d6598d6-7b5f-404f-b60f-4f9dbdbdef49', '45b9e07f-cf72-48e8-93b0-ebdec059e5d9'), ('bc83f6b5-16c2-469f-bbe3-d7e83dca3d56', datetime.datetime(2023, 7, 23, 12, 56, 56, 529214), datetime.datetime(2023, 7, 23, 12, 56, 56, 529214), '2d6598d6-7b5f-404f-b60f-4f9dbdbdef49', '773d24a2-be01-4398-a811-f490f915a93b'), ('eef74221-265a-4dd4-91b0-6c7c5b1d799a', datetime.datetime(2023, 10, 12, 22, 5, 46, 167078), datetime.datetime(2023, 10, 12, 22, 5, 46, 167078), '2d6598d6-7b5f-404f-b60f-4f9dbdbdef49', 'a593ee93-d357-4d16-8fff-f09c4214e5c1')]
2023-11-19 20:58:19,306 INFO venv Thread-1 (process_request_thread) : teacher data : [('0f80f30b-a3d7-4466-8f99-ab8e3c860956', datetime.datetime(2023, 10, 29, 13, 37, 17, 648179), datetime.datetime(2023, 10, 29, 13, 37, 17, 648179), '2d6598d6-7b5f-404f-b60f-4f9dbdbdef49', '08545b03-f586-4d89-8d7d-a78f0a8ed38b'), ('3c1fcc31-6c69-45ea-b2c1-629e9c312eae', datetime.datetime(2023, 10, 29, 0, 29, 21, 234724), datetime.datetime(2023, 10, 29, 0, 29, 21, 234724), '2d6598d6-7b5f-404f-b60f-4f9dbdbdef49', '890f726b-2899-4b33-b67e-692c70847330'), ('6c8e6d3f-7dea-4646-b034-e16a9ec96c30', datetime.datetime(2023, 7, 23, 13, 44, 48, 923733), datetime.datetime(2023, 7, 23, 13, 44, 48, 923733), '2d6598d6-7b5f-404f-b60f-4f9dbdbdef49', '49b12d6c-d5bb-4ca0-b0a3-bd1c6cdf33ce'), ('6d805a70-9ff1-4715-a42a-61f5e592d649', datetime.datetime(2023, 10, 29, 0, 46, 35, 615015), datetime.datetime(2023, 10, 29, 0, 46, 35, 615015), '2d6598d6-7b5f-404f-b60f-4f9dbdbdef49', '3bf9dc03-c475-4c88-8eea-aeab37c63744'), ('994fdf84-1193-46bc-8296-fd02b9c49c3d', datetime.datetime(2023, 10, 29, 0, 26, 7, 771421), datetime.datetime(2023, 10, 29, 0, 26, 7, 771421), '2d6598d6-7b5f-404f-b60f-4f9dbdbdef49', '15633393-b2d7-463a-b0e8-3cf7bd8529f8'), ('9c1d4446-81bc-44bf-9484-dd85a6fe7205', datetime.datetime(2023, 10, 29, 0, 26, 7, 776369), datetime.datetime(2023, 10, 29, 0, 26, 7, 776369), '2d6598d6-7b5f-404f-b60f-4f9dbdbdef49', 'b982b7cd-21ca-495e-ab7d-2d7c1d6f5043'), ('b620f3e9-3481-4245-9e45-8c5240d66964', datetime.datetime(2023, 10, 29, 0, 25, 31, 217308), datetime.datetime(2023, 10, 29, 0, 25, 31, 217308), '2d6598d6-7b5f-404f-b60f-4f9dbdbdef49', '1ae2c597-7fdd-48a7-8c0f-519a345bfc25'), ('d268300d-c9d3-4bed-844b-92bafff73f1a', datetime.datetime(2023, 10, 29, 13, 37, 1, 558343), datetime.datetime(2023, 10, 29, 13, 37, 1, 558343), '2d6598d6-7b5f-404f-b60f-4f9dbdbdef49', 'db44ce43-c44d-4ac4-b510-53419db361f8'), ('fd4f4a22-ed3d-44a0-b02e-6c223b1947cd', datetime.datetime(2023, 10, 29, 0, 30, 49, 306023), datetime.datetime(2023, 10, 29, 0, 30, 49, 306023), '2d6598d6-7b5f-404f-b60f-4f9dbdbdef49', 'de48b7bd-4c46-4fb2-b726-09b0e5da7de3')]
2023-11-19 20:58:19,308 INFO venv Thread-1 (process_request_thread) : class_id : 2d6598d6-7b5f-404f-b60f-4f9dbdbdef49, quizzes cnt : 4
2023-11-19 20:58:19,312 INFO venv Thread-1 (process_request_thread) : class_id : 2fb3717f-4609-4539-bcea-97b23889c796, class_name : Database Management System 
2023-11-19 20:58:19,316 INFO venv Thread-1 (process_request_thread) : student data : [('33e526f4-a294-450b-9343-232f89e060ee', datetime.datetime(2023, 7, 23, 13, 14, 46, 766745), datetime.datetime(2023, 7, 23, 13, 14, 46, 766745), '2fb3717f-4609-4539-bcea-97b23889c796', '66d6ceec-12a3-4584-b372-0819ddd99729'), ('40bb1ead-d58a-45a7-9c0d-499758b3d34d', datetime.datetime(2023, 7, 23, 13, 14, 46, 770932), datetime.datetime(2023, 7, 23, 13, 14, 46, 770932), '2fb3717f-4609-4539-bcea-97b23889c796', '927eecaa-24fa-4219-bdd7-ec669dfcd13d'), ('4cebb0d6-ac0f-4417-affe-6098b21c6978', datetime.datetime(2023, 7, 23, 13, 14, 46, 766745), datetime.datetime(2023, 7, 23, 13, 14, 46, 766745), '2fb3717f-4609-4539-bcea-97b23889c796', '773d24a2-be01-4398-a811-f490f915a93b'), ('5a8fb732-6c37-4c71-be7e-de819bef675c', datetime.datetime(2023, 7, 23, 13, 14, 46, 766745), datetime.datetime(2023, 7, 23, 13, 14, 46, 766745), '2fb3717f-4609-4539-bcea-97b23889c796', '985657d4-0ffc-4bc0-81d2-4f05b5fc7f4a'), ('ec3c03d0-00bd-4db9-965c-92b6b52e0312', datetime.datetime(2023, 7, 23, 13, 14, 46, 766745), datetime.datetime(2023, 7, 23, 13, 14, 46, 766745), '2fb3717f-4609-4539-bcea-97b23889c796', '74afc075-1a9b-473f-95a8-d4b7a2b00210')]
2023-11-19 20:58:19,318 INFO venv Thread-1 (process_request_thread) : teacher data : [('7db32edd-dada-4f29-a916-ff0a36cecb45', datetime.datetime(2023, 7, 23, 13, 14, 21, 829873), datetime.datetime(2023, 7, 23, 13, 14, 21, 829873), '2fb3717f-4609-4539-bcea-97b23889c796', '08545b03-f586-4d89-8d7d-a78f0a8ed38b')]
2023-11-19 20:58:19,320 INFO venv Thread-1 (process_request_thread) : class_id : 2fb3717f-4609-4539-bcea-97b23889c796, quizzes cnt : 2
2023-11-19 20:58:19,322 INFO venv Thread-1 (process_request_thread) : class_id : 3b31454e-b6cd-4fe8-a89f-e1af7699ecff, class_name : Advanced Java Programming 
2023-11-19 20:58:19,324 INFO venv Thread-1 (process_request_thread) : student data : []
2023-11-19 20:58:19,328 INFO venv Thread-1 (process_request_thread) : teacher data : []
2023-11-19 20:58:19,331 INFO venv Thread-1 (process_request_thread) : class_id : 3b31454e-b6cd-4fe8-a89f-e1af7699ecff, quizzes cnt : 0
2023-11-19 20:58:19,333 INFO venv Thread-1 (process_request_thread) : class_id : 51c8c85c-4c99-4799-b0c5-6602e778b268, class_name : DS123 - Data Structure and Algorithm
2023-11-19 20:58:19,335 INFO venv Thread-1 (process_request_thread) : student data : []
2023-11-19 20:58:19,338 INFO venv Thread-1 (process_request_thread) : teacher data : []
2023-11-19 20:58:19,339 INFO venv Thread-1 (process_request_thread) : class_id : 51c8c85c-4c99-4799-b0c5-6602e778b268, quizzes cnt : 0
2023-11-19 20:58:19,341 INFO venv Thread-1 (process_request_thread) : class_id : 66c641aa-0234-4dbb-8ce3-4b63f4910ac0, class_name : Software Engineering
2023-11-19 20:58:19,345 INFO venv Thread-1 (process_request_thread) : student data : []
2023-11-19 20:58:19,348 INFO venv Thread-1 (process_request_thread) : teacher data : []
2023-11-19 20:58:19,350 INFO venv Thread-1 (process_request_thread) : class_id : 66c641aa-0234-4dbb-8ce3-4b63f4910ac0, quizzes cnt : 0
2023-11-19 20:58:19,352 INFO venv Thread-1 (process_request_thread) : class_id : 8388a37f-5954-459d-808c-abc178d5a202, class_name : Software Group Project
2023-11-19 20:58:19,355 INFO venv Thread-1 (process_request_thread) : student data : []
2023-11-19 20:58:19,358 INFO venv Thread-1 (process_request_thread) : teacher data : [('75fac44a-66b5-44e1-9057-fa480f00d214', datetime.datetime(2023, 7, 19, 0, 41, 28, 256462), datetime.datetime(2023, 7, 19, 0, 41, 28, 256462), '8388a37f-5954-459d-808c-abc178d5a202', '08545b03-f586-4d89-8d7d-a78f0a8ed38b')]
2023-11-19 20:58:19,362 INFO venv Thread-1 (process_request_thread) : class_id : 8388a37f-5954-459d-808c-abc178d5a202, quizzes cnt : 0
2023-11-19 20:58:19,364 INFO venv Thread-1 (process_request_thread) : class_id : 8ada8087-68a8-4279-81cb-43d608d7b426, class_name : Java Programming
2023-11-19 20:58:19,366 INFO venv Thread-1 (process_request_thread) : student data : []
2023-11-19 20:58:19,369 INFO venv Thread-1 (process_request_thread) : teacher data : []
2023-11-19 20:58:19,371 INFO venv Thread-1 (process_request_thread) : class_id : 8ada8087-68a8-4279-81cb-43d608d7b426, quizzes cnt : 0
2023-11-19 20:58:19,373 INFO venv Thread-1 (process_request_thread) : class_id : aa2d5491-f3c9-43c1-a35c-8a9f16fd5982, class_name : COMI - Computer Architecture
2023-11-19 20:58:19,375 INFO venv Thread-1 (process_request_thread) : student data : []
2023-11-19 20:58:19,380 INFO venv Thread-1 (process_request_thread) : teacher data : [('0eeb3233-903f-4f05-bea5-b6a6248aee51', datetime.datetime(2023, 7, 19, 0, 45, 49, 13017), datetime.datetime(2023, 7, 19, 0, 45, 49, 13017), 'aa2d5491-f3c9-43c1-a35c-8a9f16fd5982', '08545b03-f586-4d89-8d7d-a78f0a8ed38b')]
2023-11-19 20:58:19,382 INFO venv Thread-1 (process_request_thread) : class_id : aa2d5491-f3c9-43c1-a35c-8a9f16fd5982, quizzes cnt : 0
2023-11-19 20:58:19,383 INFO venv Thread-1 (process_request_thread) : class_id : b7d7dc51-9ac5-40ee-bd19-ec71994687a5, class_name : Test Engineering
2023-11-19 20:58:19,386 INFO venv Thread-1 (process_request_thread) : student data : []
2023-11-19 20:58:19,389 INFO venv Thread-1 (process_request_thread) : teacher data : [('524f2519-be38-49eb-a3d4-f581055c6f7d', datetime.datetime(2023, 8, 15, 23, 12, 6, 863411), datetime.datetime(2023, 8, 15, 23, 12, 6, 863411), 'b7d7dc51-9ac5-40ee-bd19-ec71994687a5', '15633393-b2d7-463a-b0e8-3cf7bd8529f8'), ('54a95c69-6351-4c7e-8cab-3cb215933d02', datetime.datetime(2023, 8, 15, 23, 12, 6, 863411), datetime.datetime(2023, 8, 15, 23, 12, 6, 863411), 'b7d7dc51-9ac5-40ee-bd19-ec71994687a5', '14b8f7f5-5e99-438e-aecb-e946163feeef'), ('a27079b8-da2f-4103-874b-379f6d44d4c2', datetime.datetime(2023, 8, 15, 23, 12, 6, 863411), datetime.datetime(2023, 8, 15, 23, 12, 6, 863411), 'b7d7dc51-9ac5-40ee-bd19-ec71994687a5', '08545b03-f586-4d89-8d7d-a78f0a8ed38b')]
2023-11-19 20:58:19,390 INFO venv Thread-1 (process_request_thread) : class_id : b7d7dc51-9ac5-40ee-bd19-ec71994687a5, quizzes cnt : 4
2023-11-19 20:58:19,391 INFO venv Thread-1 (process_request_thread) : class_id : c395c833-b02a-4104-a7ef-59b503d87e95, class_name : C++ Programming
2023-11-19 20:58:19,396 INFO venv Thread-1 (process_request_thread) : student data : []
2023-11-19 20:58:19,399 INFO venv Thread-1 (process_request_thread) : teacher data : [('ba21c382-1206-4179-afdb-249ca3135ae2', datetime.datetime(2023, 7, 19, 0, 54, 40, 932702), datetime.datetime(2023, 7, 19, 0, 54, 40, 932702), 'c395c833-b02a-4104-a7ef-59b503d87e95', '08545b03-f586-4d89-8d7d-a78f0a8ed38b')]
2023-11-19 20:58:19,400 INFO venv Thread-1 (process_request_thread) : class_id : c395c833-b02a-4104-a7ef-59b503d87e95, quizzes cnt : 2
2023-11-19 20:58:19,401 INFO werkzeug Thread-1 (process_request_thread) : 127.0.0.1 - - [19/Nov/2023 20:58:19] "POST /get_org_admin_stats HTTP/1.1" 200 -
